Using pre-set license
Built from '2021.3/staging' branch; Version is '2021.3.14f1 (eee1884e7226) revision 15655304'; Using compiler version '192829333'; Build Type 'Release'
OS: 'Windows 11  (10.0.22621) 64bit Core' Language: 'tr' Physical Memory: 32492 MB
BatchMode: 1, IsHumanControllingUs: 0, StartBugReporterOnCrash: 0, Is64bit: 1, IsPro: 1

COMMAND LINE ARGUMENTS:
C:\Program Files\Unity 2021.3.14f1\Editor\Unity.exe
-adb2
-batchMode
-noUpm
-name
AssetImportWorker7
-projectPath
C:/Users/Suay/Documents/GitHub/Bomber-Squad-Clone/Bomber Squad Clone
-logFile
Logs/AssetImportWorker7.log
-srvPort
63602
Successfully changed project path to: C:/Users/Suay/Documents/GitHub/Bomber-Squad-Clone/Bomber Squad Clone
C:/Users/Suay/Documents/GitHub/Bomber-Squad-Clone/Bomber Squad Clone
[UnityMemory] Configuration Parameters - Can be set up in boot.config
    "memorysetup-bucket-allocator-granularity=16"
    "memorysetup-bucket-allocator-bucket-count=8"
    "memorysetup-bucket-allocator-block-size=33554432"
    "memorysetup-bucket-allocator-block-count=8"
    "memorysetup-main-allocator-block-size=16777216"
    "memorysetup-thread-allocator-block-size=16777216"
    "memorysetup-gfx-main-allocator-block-size=16777216"
    "memorysetup-gfx-thread-allocator-block-size=16777216"
    "memorysetup-cache-allocator-block-size=4194304"
    "memorysetup-typetree-allocator-block-size=2097152"
    "memorysetup-profiler-bucket-allocator-granularity=16"
    "memorysetup-profiler-bucket-allocator-bucket-count=8"
    "memorysetup-profiler-bucket-allocator-block-size=33554432"
    "memorysetup-profiler-bucket-allocator-block-count=8"
    "memorysetup-profiler-allocator-block-size=16777216"
    "memorysetup-profiler-editor-allocator-block-size=1048576"
    "memorysetup-temp-allocator-size-main=16777216"
    "memorysetup-job-temp-allocator-block-size=2097152"
    "memorysetup-job-temp-allocator-block-size-background=1048576"
    "memorysetup-job-temp-allocator-reduction-small-platforms=262144"
    "memorysetup-temp-allocator-size-background-worker=32768"
    "memorysetup-temp-allocator-size-job-worker=262144"
    "memorysetup-temp-allocator-size-preload-manager=33554432"
    "memorysetup-temp-allocator-size-nav-mesh-worker=65536"
    "memorysetup-temp-allocator-size-audio-worker=65536"
    "memorysetup-temp-allocator-size-cloud-worker=32768"
    "memorysetup-temp-allocator-size-gi-baking-worker=262144"
    "memorysetup-temp-allocator-size-gfx=262144"
Refreshing native plugins compatible for Editor in 104.05 ms, found 3 plugins.
Preloading 0 native plugins for Editor in 0.00 ms.
Initialize engine version: 2021.3.14f1 (eee1884e7226)
[Subsystems] Discovering subsystems at path C:/Program Files/Unity 2021.3.14f1/Editor/Data/Resources/UnitySubsystems
[Subsystems] Discovering subsystems at path C:/Users/Suay/Documents/GitHub/Bomber-Squad-Clone/Bomber Squad Clone/Assets
GfxDevice: creating device client; threaded=0; jobified=0
Direct3D:
    Version:  Direct3D 11.0 [level 11.1]
    Renderer: NVIDIA GeForce RTX 3070 Ti Laptop GPU (ID=0x24e0)
    Vendor:   NVIDIA
    VRAM:     8032 MB
    Driver:   31.0.15.2824
Initialize mono
Mono path[0] = 'C:/Program Files/Unity 2021.3.14f1/Editor/Data/Managed'
Mono path[1] = 'C:/Program Files/Unity 2021.3.14f1/Editor/Data/MonoBleedingEdge/lib/mono/unityjit-win32'
Mono config path = 'C:/Program Files/Unity 2021.3.14f1/Editor/Data/MonoBleedingEdge/etc'
Using monoOptions --debugger-agent=transport=dt_socket,embedding=1,server=y,suspend=n,address=127.0.0.1:56476
Begin MonoManager ReloadAssembly
Registering precompiled unity dll's ...
Register platform support module: C:/Program Files/Unity 2021.3.14f1/Editor/Data/PlaybackEngines/AndroidPlayer/UnityEditor.Android.Extensions.dll
Register platform support module: C:/Program Files/Unity 2021.3.14f1/Editor/Data/PlaybackEngines/WindowsStandaloneSupport/UnityEditor.WindowsStandalone.Extensions.dll
Registered in 0.002449 seconds.
Native extension for WindowsStandalone target not found
Native extension for Android target not found
Refreshing native plugins compatible for Editor in 82.83 ms, found 3 plugins.
Preloading 0 native plugins for Editor in 0.00 ms.
Mono: successfully reloaded assembly
- Completed reload, in  0.482 seconds
Domain Reload Profiling:
	ReloadAssembly (483ms)
		BeginReloadAssembly (52ms)
			ExecutionOrderSort (0ms)
			DisableScriptedObjects (0ms)
			BackupInstance (0ms)
			ReleaseScriptingObjects (0ms)
			CreateAndSetChildDomain (1ms)
		EndReloadAssembly (354ms)
			LoadAssemblies (51ms)
			RebuildTransferFunctionScriptingTraits (0ms)
			SetupTypeCache (76ms)
			ReleaseScriptCaches (0ms)
			RebuildScriptCaches (24ms)
			SetupLoadedEditorAssemblies (217ms)
				LogAssemblyErrors (0ms)
				InitializePlatformSupportModulesInManaged (32ms)
				SetLoadedEditorAssemblies (0ms)
				RefreshPlugins (83ms)
				BeforeProcessingInitializeOnLoad (1ms)
				ProcessInitializeOnLoadAttributes (69ms)
				ProcessInitializeOnLoadMethodAttributes (32ms)
				AfterProcessingInitializeOnLoad (0ms)
				EditorAssembliesLoaded (0ms)
			ExecutionOrderSort2 (0ms)
			AwakeInstancesAfterBackupRestoration (0ms)
Platform modules already initialized, skipping
Registering precompiled user dll's ...
Registered in 0.004042 seconds.
Begin MonoManager ReloadAssembly
Symbol file LoadedFromMemory doesn't match image C:\Users\Suay\Documents\GitHub\Bomber-Squad-Clone\Bomber Squad Clone\Library\PackageCache\com.unity.visualscripting@1.7.8\Editor\VisualScripting.Core\Dependencies\YamlDotNet\Unity.VisualScripting.YamlDotNet.dll
Symbol file LoadedFromMemory doesn't match image C:\Users\Suay\Documents\GitHub\Bomber-Squad-Clone\Bomber Squad Clone\Library\PackageCache\com.unity.visualscripting@1.7.8\Editor\VisualScripting.Core\Dependencies\DotNetZip\Unity.VisualScripting.IonicZip.dll
Native extension for WindowsStandalone target not found
Native extension for Android target not found
Refreshing native plugins compatible for Editor in 0.67 ms, found 3 plugins.
Preloading 0 native plugins for Editor in 0.00 ms.
Mono: successfully reloaded assembly
- Completed reload, in  0.750 seconds
Domain Reload Profiling:
	ReloadAssembly (751ms)
		BeginReloadAssembly (78ms)
			ExecutionOrderSort (0ms)
			DisableScriptedObjects (4ms)
			BackupInstance (0ms)
			ReleaseScriptingObjects (0ms)
			CreateAndSetChildDomain (14ms)
		EndReloadAssembly (590ms)
			LoadAssemblies (60ms)
			RebuildTransferFunctionScriptingTraits (0ms)
			SetupTypeCache (186ms)
			ReleaseScriptCaches (0ms)
			RebuildScriptCaches (35ms)
			SetupLoadedEditorAssemblies (281ms)
				LogAssemblyErrors (0ms)
				InitializePlatformSupportModulesInManaged (10ms)
				SetLoadedEditorAssemblies (0ms)
				RefreshPlugins (1ms)
				BeforeProcessingInitializeOnLoad (62ms)
				ProcessInitializeOnLoadAttributes (184ms)
				ProcessInitializeOnLoadMethodAttributes (20ms)
				AfterProcessingInitializeOnLoad (3ms)
				EditorAssembliesLoaded (0ms)
			ExecutionOrderSort2 (0ms)
			AwakeInstancesAfterBackupRestoration (4ms)
Platform modules already initialized, skipping
========================================================================
Worker process is ready to serve import requests
Launched and connected shader compiler UnityShaderCompiler.exe after 0.04 seconds
Refreshing native plugins compatible for Editor in 1.12 ms, found 3 plugins.
Preloading 0 native plugins for Editor in 0.00 ms.
Unloading 3352 Unused Serialized files (Serialized files now loaded: 0)
Unloading 27 unused Assets / (113.8 KB). Loaded Objects now: 3830.
Memory consumption went from 135.5 MB to 135.4 MB.
Total: 3.195200 ms (FindLiveObjects: 0.213800 ms CreateObjectMapping: 0.175200 ms MarkObjects: 2.683400 ms  DeleteObjects: 0.121800 ms)

AssetImportParameters requested are different than current active one (requested -> active):
  custom:video-decoder-ogg-theora: a1e56fd34408186e4bbccfd4996cb3dc -> 
  custom:container-muxer-webm: aa71ff27fc2769a1b78a27578f13a17b -> 
  custom:container-demuxer-webm: 4f35f7cbe854078d1ac9338744f61a02 -> 
  custom:video-encoder-webm-vp8: eb34c28f22e8b96e1ab97ce403110664 -> 
  custom:video-codec-MediaFoundation-h265: 746d11721c4dcdbdad8f713fa42b33f4 -> 
  custom:audio-encoder-webm-vorbis: bf7c407c2cedff20999df2af8eb42d56 -> 
  custom:framework-win-MediaFoundation: 216162199b28c13a410421893ffa2e32 -> 
  custom:container-demuxer-ogg: 62fdf1f143b41e24485cea50d1cbac27 -> 
  custom:video-decoder-webm-vp8: 9c59270c3fd7afecdb556c50c9e8de78 -> 
  custom:audio-decoder-ogg-vorbis: bf7c407c2cedff20999df2af8eb42d56 -> 
========================================================================
Received Import Request.
  Time since last request: 1806362.679967 seconds.
  path: Assets/Asset Files/polyperfect/Low Poly Ultimate Pack/M/- Prefabs_M/Racing_M/tile-race-track-pit-lane-start.prefab
  artifactKey: Guid(eb5e58c02d68e944188297982d909332) Importer(815301076,1909f56bfc062723c751e8b465ee728b)
Start importing Assets/Asset Files/polyperfect/Low Poly Ultimate Pack/M/- Prefabs_M/Racing_M/tile-race-track-pit-lane-start.prefab using Guid(eb5e58c02d68e944188297982d909332) Importer(815301076,1909f56bfc062723c751e8b465ee728b)  -> (artifact id: '9ce51eaccfaaba14603fab5412461679') in 0.145756 seconds 
========================================================================
Received Import Request.
  Time since last request: 34.274072 seconds.
  path: Assets/Asset Files/polyperfect/Low Poly Ultimate Pack/M/- Prefabs_M/Resources_M/conductive-wire.prefab
  artifactKey: Guid(849656a45513e3749a42846e4584d787) Importer(815301076,1909f56bfc062723c751e8b465ee728b)
Start importing Assets/Asset Files/polyperfect/Low Poly Ultimate Pack/M/- Prefabs_M/Resources_M/conductive-wire.prefab using Guid(849656a45513e3749a42846e4584d787) Importer(815301076,1909f56bfc062723c751e8b465ee728b)  -> (artifact id: '0bcb45d97b3d05f4372504e68162b792') in 0.018841 seconds 
========================================================================
Received Import Request.
  Time since last request: 0.000020 seconds.
  path: Assets/Asset Files/polyperfect/Low Poly Ultimate Pack/M/- Prefabs_M/Resources_M/salt.prefab
  artifactKey: Guid(67c58673a76a6024d959ad425ad659f1) Importer(815301076,1909f56bfc062723c751e8b465ee728b)
Start importing Assets/Asset Files/polyperfect/Low Poly Ultimate Pack/M/- Prefabs_M/Resources_M/salt.prefab using Guid(67c58673a76a6024d959ad425ad659f1) Importer(815301076,1909f56bfc062723c751e8b465ee728b)  -> (artifact id: '764e9b98988b010055964b7f8ed97804') in 0.014068 seconds 
========================================================================
Received Import Request.
  Time since last request: 0.000021 seconds.
  path: Assets/Asset Files/polyperfect/Low Poly Ultimate Pack/M/- Prefabs_M/Resources_M/steel-reinforcement.prefab
  artifactKey: Guid(c149bf4977220184db71531a7131b64e) Importer(815301076,1909f56bfc062723c751e8b465ee728b)
Start importing Assets/Asset Files/polyperfect/Low Poly Ultimate Pack/M/- Prefabs_M/Resources_M/steel-reinforcement.prefab using Guid(c149bf4977220184db71531a7131b64e) Importer(815301076,1909f56bfc062723c751e8b465ee728b)  -> (artifact id: '79ca82e553e533424819e7ba69119346') in 0.018819 seconds 
========================================================================
Received Import Request.
  Time since last request: 0.000022 seconds.
  path: Assets/Asset Files/polyperfect/Low Poly Ultimate Pack/M/- Prefabs_M/Resources_M/gear-wheel.prefab
  artifactKey: Guid(841c142e7f258d141aea36f81f453d0f) Importer(815301076,1909f56bfc062723c751e8b465ee728b)
Start importing Assets/Asset Files/polyperfect/Low Poly Ultimate Pack/M/- Prefabs_M/Resources_M/gear-wheel.prefab using Guid(841c142e7f258d141aea36f81f453d0f) Importer(815301076,1909f56bfc062723c751e8b465ee728b)  -> (artifact id: 'ceace4c4523d54b8ec768e0a2f922f20') in 0.013210 seconds 
========================================================================
Received Import Request.
  Time since last request: 0.000027 seconds.
  path: Assets/Asset Files/polyperfect/Low Poly Ultimate Pack/M/- Prefabs_M/Resources_M/paper-old.prefab
  artifactKey: Guid(07f34822de6defa41a7fa6815ab87cbe) Importer(815301076,1909f56bfc062723c751e8b465ee728b)
Start importing Assets/Asset Files/polyperfect/Low Poly Ultimate Pack/M/- Prefabs_M/Resources_M/paper-old.prefab using Guid(07f34822de6defa41a7fa6815ab87cbe) Importer(815301076,1909f56bfc062723c751e8b465ee728b)  -> (artifact id: 'ac7671b07d085519754b847aadac258b') in 0.016166 seconds 
========================================================================
Received Import Request.
  Time since last request: 11.951384 seconds.
  path: Assets/Asset Files/polyperfect/Low Poly Ultimate Pack/M/- Prefabs_M/Food_M/beer.prefab
  artifactKey: Guid(267ea1819cefbf64193527830effafe3) Importer(815301076,1909f56bfc062723c751e8b465ee728b)
Start importing Assets/Asset Files/polyperfect/Low Poly Ultimate Pack/M/- Prefabs_M/Food_M/beer.prefab using Guid(267ea1819cefbf64193527830effafe3) Importer(815301076,1909f56bfc062723c751e8b465ee728b)  -> (artifact id: 'ac6334a6d615985ecf35a056cf6d8f88') in 0.017412 seconds 
========================================================================
Received Import Request.
  Time since last request: 0.000025 seconds.
  path: Assets/Asset Files/polyperfect/Low Poly Ultimate Pack/M/- Prefabs_M/Food_M/egg.prefab
  artifactKey: Guid(d85c0e33a03653648bdd30676615e946) Importer(815301076,1909f56bfc062723c751e8b465ee728b)
Start importing Assets/Asset Files/polyperfect/Low Poly Ultimate Pack/M/- Prefabs_M/Food_M/egg.prefab using Guid(d85c0e33a03653648bdd30676615e946) Importer(815301076,1909f56bfc062723c751e8b465ee728b)  -> (artifact id: '7df47e26260325cb60b79e9472339a09') in 0.014711 seconds 
========================================================================
Received Import Request.
  Time since last request: 0.000031 seconds.
  path: Assets/Asset Files/polyperfect/Low Poly Ultimate Pack/M/- Prefabs_M/Food_M/can-pack-small.prefab
  artifactKey: Guid(a5aff98b7e28e4902a5159eaafe35777) Importer(815301076,1909f56bfc062723c751e8b465ee728b)
Start importing Assets/Asset Files/polyperfect/Low Poly Ultimate Pack/M/- Prefabs_M/Food_M/can-pack-small.prefab using Guid(a5aff98b7e28e4902a5159eaafe35777) Importer(815301076,1909f56bfc062723c751e8b465ee728b)  -> (artifact id: 'acd065608e68c5cc3e51a318ce8844e9') in 0.017664 seconds 
========================================================================
Received Import Request.
  Time since last request: 0.000022 seconds.
  path: Assets/Asset Files/polyperfect/Low Poly Ultimate Pack/M/- Prefabs_M/Food_M/melon.prefab
  artifactKey: Guid(8ff2a7df5b196a14c9fe6217d4eb239c) Importer(815301076,1909f56bfc062723c751e8b465ee728b)
Start importing Assets/Asset Files/polyperfect/Low Poly Ultimate Pack/M/- Prefabs_M/Food_M/melon.prefab using Guid(8ff2a7df5b196a14c9fe6217d4eb239c) Importer(815301076,1909f56bfc062723c751e8b465ee728b)  -> (artifact id: 'd69c7a4227963da4192f94fe1082a396') in 0.013654 seconds 
========================================================================
Received Import Request.
  Time since last request: 0.000035 seconds.
  path: Assets/Asset Files/polyperfect/Low Poly Ultimate Pack/M/- Prefabs_M/Food_M/container-take.prefab
  artifactKey: Guid(80bf85a8ba4876947a29bf9d26d44c8c) Importer(815301076,1909f56bfc062723c751e8b465ee728b)
Start importing Assets/Asset Files/polyperfect/Low Poly Ultimate Pack/M/- Prefabs_M/Food_M/container-take.prefab using Guid(80bf85a8ba4876947a29bf9d26d44c8c) Importer(815301076,1909f56bfc062723c751e8b465ee728b)  -> (artifact id: '3b0bdceb04f697790ef51c45e968eeb9') in 0.013783 seconds 
========================================================================
Received Import Request.
  Time since last request: 0.000021 seconds.
  path: Assets/Asset Files/polyperfect/Low Poly Ultimate Pack/M/- Prefabs_M/Food_M/can-beans-open.prefab
  artifactKey: Guid(beb9d176bcdd44af3b178aaab4a4d67d) Importer(815301076,1909f56bfc062723c751e8b465ee728b)
Start importing Assets/Asset Files/polyperfect/Low Poly Ultimate Pack/M/- Prefabs_M/Food_M/can-beans-open.prefab using Guid(beb9d176bcdd44af3b178aaab4a4d67d) Importer(815301076,1909f56bfc062723c751e8b465ee728b)  -> (artifact id: '1f608d884c0006c82a8159a0f8c53553') in 0.021436 seconds 
========================================================================
Received Import Request.
  Time since last request: 0.000021 seconds.
  path: Assets/Asset Files/polyperfect/Low Poly Ultimate Pack/M/- Prefabs_M/Food_M/coffee-cup.prefab
  artifactKey: Guid(a9c9ad2a6833d624ab5b6b73e283b3cd) Importer(815301076,1909f56bfc062723c751e8b465ee728b)
Start importing Assets/Asset Files/polyperfect/Low Poly Ultimate Pack/M/- Prefabs_M/Food_M/coffee-cup.prefab using Guid(a9c9ad2a6833d624ab5b6b73e283b3cd) Importer(815301076,1909f56bfc062723c751e8b465ee728b)  -> (artifact id: 'aedb2e863d6eb63f0d626fac064e0b3a') in 0.013165 seconds 
========================================================================
Received Import Request.
  Time since last request: 0.000031 seconds.
  path: Assets/Asset Files/polyperfect/Low Poly Ultimate Pack/M/- Prefabs_M/Food_M/can-beans.prefab
  artifactKey: Guid(66ab7fc6866f2458a8568e635e0c2252) Importer(815301076,1909f56bfc062723c751e8b465ee728b)
Start importing Assets/Asset Files/polyperfect/Low Poly Ultimate Pack/M/- Prefabs_M/Food_M/can-beans.prefab using Guid(66ab7fc6866f2458a8568e635e0c2252) Importer(815301076,1909f56bfc062723c751e8b465ee728b)  -> (artifact id: 'ee39a849e43a2a9778ae85206020e16f') in 0.022225 seconds 
========================================================================
Received Import Request.
  Time since last request: 0.000020 seconds.
  path: Assets/Asset Files/polyperfect/Low Poly Ultimate Pack/M/- Prefabs_M/Food_M/cup-small.prefab
  artifactKey: Guid(db4cee8a97d9d4c3d85546743d761a73) Importer(815301076,1909f56bfc062723c751e8b465ee728b)
Start importing Assets/Asset Files/polyperfect/Low Poly Ultimate Pack/M/- Prefabs_M/Food_M/cup-small.prefab using Guid(db4cee8a97d9d4c3d85546743d761a73) Importer(815301076,1909f56bfc062723c751e8b465ee728b)  -> (artifact id: 'c2a1cec077be0350ba62164db8cfc425') in 0.013052 seconds 
========================================================================
Received Import Request.
  Time since last request: 0.000016 seconds.
  path: Assets/Asset Files/polyperfect/Low Poly Ultimate Pack/M/- Prefabs_M/Food_M/pizza-frozen.prefab
  artifactKey: Guid(dc35b891544ef404097d196762cfb9aa) Importer(815301076,1909f56bfc062723c751e8b465ee728b)
Start importing Assets/Asset Files/polyperfect/Low Poly Ultimate Pack/M/- Prefabs_M/Food_M/pizza-frozen.prefab using Guid(dc35b891544ef404097d196762cfb9aa) Importer(815301076,1909f56bfc062723c751e8b465ee728b)  -> (artifact id: '4e0e142b3300411d917c396f7709c562') in 0.019505 seconds 
========================================================================
Received Import Request.
  Time since last request: 1.895732 seconds.
  path: Assets/Asset Files/polyperfect/Low Poly Ultimate Pack/M/- Prefabs_M/Furniture_M/cabinet-kitchen-top.prefab
  artifactKey: Guid(9bbeb4bbf84cb4663b6dabe9f97c14c5) Importer(815301076,1909f56bfc062723c751e8b465ee728b)
Start importing Assets/Asset Files/polyperfect/Low Poly Ultimate Pack/M/- Prefabs_M/Furniture_M/cabinet-kitchen-top.prefab using Guid(9bbeb4bbf84cb4663b6dabe9f97c14c5) Importer(815301076,1909f56bfc062723c751e8b465ee728b)  -> (artifact id: '3394b6b6ebb3beb474d152536329850c') in 0.017102 seconds 
========================================================================
Received Import Request.
  Time since last request: 0.000018 seconds.
  path: Assets/Asset Files/polyperfect/Low Poly Ultimate Pack/M/- Prefabs_M/Furniture_M/toilet.prefab
  artifactKey: Guid(cd62d71f966594816a16f69ef1de9b38) Importer(815301076,1909f56bfc062723c751e8b465ee728b)
Start importing Assets/Asset Files/polyperfect/Low Poly Ultimate Pack/M/- Prefabs_M/Furniture_M/toilet.prefab using Guid(cd62d71f966594816a16f69ef1de9b38) Importer(815301076,1909f56bfc062723c751e8b465ee728b)  -> (artifact id: '81e9e25d860ea6bac938915d8db96c0b') in 0.013177 seconds 
========================================================================
Received Import Request.
  Time since last request: 0.000019 seconds.
  path: Assets/Asset Files/polyperfect/Low Poly Ultimate Pack/M/- Prefabs_M/Furniture_M/fridge.prefab
  artifactKey: Guid(734edb37fe2e543cd979c690973ac6e2) Importer(815301076,1909f56bfc062723c751e8b465ee728b)
Start importing Assets/Asset Files/polyperfect/Low Poly Ultimate Pack/M/- Prefabs_M/Furniture_M/fridge.prefab using Guid(734edb37fe2e543cd979c690973ac6e2) Importer(815301076,1909f56bfc062723c751e8b465ee728b)  -> (artifact id: '4ab930a91feac56d64f0765432cd0212') in 0.013882 seconds 
========================================================================
Received Import Request.
  Time since last request: 0.000021 seconds.
  path: Assets/Asset Files/polyperfect/Low Poly Ultimate Pack/M/- Prefabs_M/Furniture_M/ventilation.prefab
  artifactKey: Guid(f6711b6aac33d40ccb9f81e752df808d) Importer(815301076,1909f56bfc062723c751e8b465ee728b)
Start importing Assets/Asset Files/polyperfect/Low Poly Ultimate Pack/M/- Prefabs_M/Furniture_M/ventilation.prefab using Guid(f6711b6aac33d40ccb9f81e752df808d) Importer(815301076,1909f56bfc062723c751e8b465ee728b)  -> (artifact id: 'db1c73ff0deebd8b1a9a1e6b672df5b9') in 0.014661 seconds 
========================================================================
Received Import Request.
  Time since last request: 2.624820 seconds.
  path: Assets/Asset Files/polyperfect/Low Poly Ultimate Pack/M/- Prefabs_M/Props_M/cargo-simple.prefab
  artifactKey: Guid(cfa04bb77bc6d97468eeed0c256756ac) Importer(815301076,1909f56bfc062723c751e8b465ee728b)
Start importing Assets/Asset Files/polyperfect/Low Poly Ultimate Pack/M/- Prefabs_M/Props_M/cargo-simple.prefab using Guid(cfa04bb77bc6d97468eeed0c256756ac) Importer(815301076,1909f56bfc062723c751e8b465ee728b)  -> (artifact id: 'c358f36289599d53777c0720d13f3984') in 0.019069 seconds 
========================================================================
Received Import Request.
  Time since last request: 0.000019 seconds.
  path: Assets/Asset Files/polyperfect/Low Poly Ultimate Pack/M/- Prefabs_M/Props_M/sunscreen-tropic.prefab
  artifactKey: Guid(c285e0a14c0e60a45b1ba3b5a192a408) Importer(815301076,1909f56bfc062723c751e8b465ee728b)
Start importing Assets/Asset Files/polyperfect/Low Poly Ultimate Pack/M/- Prefabs_M/Props_M/sunscreen-tropic.prefab using Guid(c285e0a14c0e60a45b1ba3b5a192a408) Importer(815301076,1909f56bfc062723c751e8b465ee728b)  -> (artifact id: '5207c8abb2416ab9157fa34847eedcbd') in 0.015144 seconds 
========================================================================
Received Import Request.
  Time since last request: 0.000025 seconds.
  path: Assets/Asset Files/polyperfect/Low Poly Ultimate Pack/M/- Prefabs_M/Props_M/tent-pyramid.prefab
  artifactKey: Guid(369f418abcbdfff48acf13ae5fec7988) Importer(815301076,1909f56bfc062723c751e8b465ee728b)
Start importing Assets/Asset Files/polyperfect/Low Poly Ultimate Pack/M/- Prefabs_M/Props_M/tent-pyramid.prefab using Guid(369f418abcbdfff48acf13ae5fec7988) Importer(815301076,1909f56bfc062723c751e8b465ee728b)  -> (artifact id: '7fa24ba8362170353594d82b44d407c7') in 0.016505 seconds 
========================================================================
Received Import Request.
  Time since last request: 0.000027 seconds.
  path: Assets/Asset Files/polyperfect/Low Poly Ultimate Pack/M/- Prefabs_M/Props_M/present-box.prefab
  artifactKey: Guid(2ccbb421b4f2d4cf2bdfe2ee9934bfd2) Importer(815301076,1909f56bfc062723c751e8b465ee728b)
Start importing Assets/Asset Files/polyperfect/Low Poly Ultimate Pack/M/- Prefabs_M/Props_M/present-box.prefab using Guid(2ccbb421b4f2d4cf2bdfe2ee9934bfd2) Importer(815301076,1909f56bfc062723c751e8b465ee728b)  -> (artifact id: '4237458ebef75cfd2e1009f1de2d2014') in 0.024408 seconds 
========================================================================
Received Import Request.
  Time since last request: 25.114021 seconds.
  path: Assets/Asset Files/Stickman-Fantasy-Pack/Prefabs/Character-5.prefab
  artifactKey: Guid(c445292c4fce092428080f71ee37b607) Importer(815301076,1909f56bfc062723c751e8b465ee728b)
Start importing Assets/Asset Files/Stickman-Fantasy-Pack/Prefabs/Character-5.prefab using Guid(c445292c4fce092428080f71ee37b607) Importer(815301076,1909f56bfc062723c751e8b465ee728b)  -> (artifact id: '21658a9b1ecd51c0b547d2a7bbcf0ae3') in 0.130737 seconds 
========================================================================
Received Import Request.
  Time since last request: 0.000025 seconds.
  path: Assets/Asset Files/Stickman-Fantasy-Pack/Prefabs/Character-9.prefab
  artifactKey: Guid(1dd6a52679213124e9bbd9bd4906bb45) Importer(815301076,1909f56bfc062723c751e8b465ee728b)
Start importing Assets/Asset Files/Stickman-Fantasy-Pack/Prefabs/Character-9.prefab using Guid(1dd6a52679213124e9bbd9bd4906bb45) Importer(815301076,1909f56bfc062723c751e8b465ee728b)  -> (artifact id: '737cb955a53b0e9663a12afe6a503687') in 0.049224 seconds 
========================================================================
Received Import Request.
  Time since last request: 0.000033 seconds.
  path: Assets/Asset Files/Stickman-Fantasy-Pack/Prefabs/Monster-7.prefab
  artifactKey: Guid(55b189e944582fb41aeebc4b9b2c01e8) Importer(815301076,1909f56bfc062723c751e8b465ee728b)
Start importing Assets/Asset Files/Stickman-Fantasy-Pack/Prefabs/Monster-7.prefab using Guid(55b189e944582fb41aeebc4b9b2c01e8) Importer(815301076,1909f56bfc062723c751e8b465ee728b)  -> (artifact id: '3423de3da120f29cb50dd7601863ede1') in 0.021673 seconds 
========================================================================
Received Import Request.
  Time since last request: 0.000017 seconds.
  path: Assets/Asset Files/Stickman-Fantasy-Pack/Prefabs/Monster-1.prefab
  artifactKey: Guid(e72f0f711a0e33349bbf0ce3e256881f) Importer(815301076,1909f56bfc062723c751e8b465ee728b)
Start importing Assets/Asset Files/Stickman-Fantasy-Pack/Prefabs/Monster-1.prefab using Guid(e72f0f711a0e33349bbf0ce3e256881f) Importer(815301076,1909f56bfc062723c751e8b465ee728b)  -> (artifact id: '8246181daaaf7748fa1b818fd41c01b4') in 0.026669 seconds 
========================================================================
Received Import Request.
  Time since last request: 0.000019 seconds.
  path: Assets/Asset Files/Stickman-Fantasy-Pack/Prefabs/Character-10.prefab
  artifactKey: Guid(9499a8a288e91c04085760e020e3b6e2) Importer(815301076,1909f56bfc062723c751e8b465ee728b)
Start importing Assets/Asset Files/Stickman-Fantasy-Pack/Prefabs/Character-10.prefab using Guid(9499a8a288e91c04085760e020e3b6e2) Importer(815301076,1909f56bfc062723c751e8b465ee728b)  -> (artifact id: 'c2aabb3ce4f4682a17a60a22dccef80a') in 0.029315 seconds 
========================================================================
Received Prepare
Registering precompiled user dll's ...
Registered in 0.004086 seconds.
Begin MonoManager ReloadAssembly
Symbol file LoadedFromMemory doesn't match image C:\Users\Suay\Documents\GitHub\Bomber-Squad-Clone\Bomber Squad Clone\Library\PackageCache\com.unity.visualscripting@1.7.8\Editor\VisualScripting.Core\Dependencies\YamlDotNet\Unity.VisualScripting.YamlDotNet.dll
Symbol file LoadedFromMemory doesn't match image C:\Users\Suay\Documents\GitHub\Bomber-Squad-Clone\Bomber Squad Clone\Library\PackageCache\com.unity.visualscripting@1.7.8\Editor\VisualScripting.Core\Dependencies\DotNetZip\Unity.VisualScripting.IonicZip.dll
Native extension for WindowsStandalone target not found
Native extension for Android target not found
Refreshing native plugins compatible for Editor in 1.39 ms, found 3 plugins.
Preloading 0 native plugins for Editor in 0.00 ms.
Mono: successfully reloaded assembly
- Completed reload, in  0.791 seconds
Domain Reload Profiling:
	ReloadAssembly (791ms)
		BeginReloadAssembly (105ms)
			ExecutionOrderSort (0ms)
			DisableScriptedObjects (3ms)
			BackupInstance (0ms)
			ReleaseScriptingObjects (0ms)
			CreateAndSetChildDomain (27ms)
		EndReloadAssembly (611ms)
			LoadAssemblies (67ms)
			RebuildTransferFunctionScriptingTraits (0ms)
			SetupTypeCache (225ms)
			ReleaseScriptCaches (1ms)
			RebuildScriptCaches (37ms)
			SetupLoadedEditorAssemblies (241ms)
				LogAssemblyErrors (0ms)
				InitializePlatformSupportModulesInManaged (20ms)
				SetLoadedEditorAssemblies (1ms)
				RefreshPlugins (1ms)
				BeforeProcessingInitializeOnLoad (47ms)
				ProcessInitializeOnLoadAttributes (149ms)
				ProcessInitializeOnLoadMethodAttributes (19ms)
				AfterProcessingInitializeOnLoad (4ms)
				EditorAssembliesLoaded (0ms)
			ExecutionOrderSort2 (0ms)
			AwakeInstancesAfterBackupRestoration (4ms)
Platform modules already initialized, skipping
Refreshing native plugins compatible for Editor in 1.92 ms, found 3 plugins.
Preloading 0 native plugins for Editor in 0.00 ms.
Unloading 3347 Unused Serialized files (Serialized files now loaded: 0)
Unloading 20 unused Assets / (80.4 KB). Loaded Objects now: 3842.
Memory consumption went from 152.7 MB to 152.6 MB.
Total: 2.308800 ms (FindLiveObjects: 0.163600 ms CreateObjectMapping: 0.075900 ms MarkObjects: 2.000200 ms  DeleteObjects: 0.068200 ms)

AssetImportParameters requested are different than current active one (requested -> active):
  custom:video-decoder-ogg-theora: a1e56fd34408186e4bbccfd4996cb3dc -> 
  custom:container-muxer-webm: aa71ff27fc2769a1b78a27578f13a17b -> 
  custom:container-demuxer-webm: 4f35f7cbe854078d1ac9338744f61a02 -> 
  custom:video-encoder-webm-vp8: eb34c28f22e8b96e1ab97ce403110664 -> 
  custom:video-codec-MediaFoundation-h265: 746d11721c4dcdbdad8f713fa42b33f4 -> 
  custom:audio-encoder-webm-vorbis: bf7c407c2cedff20999df2af8eb42d56 -> 
  custom:framework-win-MediaFoundation: 216162199b28c13a410421893ffa2e32 -> 
  custom:container-demuxer-ogg: 62fdf1f143b41e24485cea50d1cbac27 -> 
  custom:video-decoder-webm-vp8: 9c59270c3fd7afecdb556c50c9e8de78 -> 
  custom:audio-decoder-ogg-vorbis: bf7c407c2cedff20999df2af8eb42d56 -> 
Editor requested this worker to shutdown with reason: Scaling down because of idle timeout
AssetImportWorker is now disconnected from the server
Process exiting
Exiting without the bug reporter. Application will terminate with return code 0