Using pre-set license
Built from '2021.3/staging' branch; Version is '2021.3.14f1 (eee1884e7226) revision 15655304'; Using compiler version '192829333'; Build Type 'Release'
OS: 'Windows 11  (10.0.22621) 64bit Core' Language: 'tr' Physical Memory: 32492 MB
BatchMode: 1, IsHumanControllingUs: 0, StartBugReporterOnCrash: 0, Is64bit: 1, IsPro: 1

COMMAND LINE ARGUMENTS:
C:\Program Files\Unity 2021.3.14f1\Editor\Unity.exe
-adb2
-batchMode
-noUpm
-name
AssetImportWorker5
-projectPath
C:/Users/Suay/Documents/GitHub/Bomber-Squad-Clone/Bomber Squad Clone
-logFile
Logs/AssetImportWorker5.log
-srvPort
63602
Successfully changed project path to: C:/Users/Suay/Documents/GitHub/Bomber-Squad-Clone/Bomber Squad Clone
C:/Users/Suay/Documents/GitHub/Bomber-Squad-Clone/Bomber Squad Clone
[UnityMemory] Configuration Parameters - Can be set up in boot.config
    "memorysetup-bucket-allocator-granularity=16"
    "memorysetup-bucket-allocator-bucket-count=8"
    "memorysetup-bucket-allocator-block-size=33554432"
    "memorysetup-bucket-allocator-block-count=8"
    "memorysetup-main-allocator-block-size=16777216"
    "memorysetup-thread-allocator-block-size=16777216"
    "memorysetup-gfx-main-allocator-block-size=16777216"
    "memorysetup-gfx-thread-allocator-block-size=16777216"
    "memorysetup-cache-allocator-block-size=4194304"
    "memorysetup-typetree-allocator-block-size=2097152"
    "memorysetup-profiler-bucket-allocator-granularity=16"
    "memorysetup-profiler-bucket-allocator-bucket-count=8"
    "memorysetup-profiler-bucket-allocator-block-size=33554432"
    "memorysetup-profiler-bucket-allocator-block-count=8"
    "memorysetup-profiler-allocator-block-size=16777216"
    "memorysetup-profiler-editor-allocator-block-size=1048576"
    "memorysetup-temp-allocator-size-main=16777216"
    "memorysetup-job-temp-allocator-block-size=2097152"
    "memorysetup-job-temp-allocator-block-size-background=1048576"
    "memorysetup-job-temp-allocator-reduction-small-platforms=262144"
    "memorysetup-temp-allocator-size-background-worker=32768"
    "memorysetup-temp-allocator-size-job-worker=262144"
    "memorysetup-temp-allocator-size-preload-manager=33554432"
    "memorysetup-temp-allocator-size-nav-mesh-worker=65536"
    "memorysetup-temp-allocator-size-audio-worker=65536"
    "memorysetup-temp-allocator-size-cloud-worker=32768"
    "memorysetup-temp-allocator-size-gi-baking-worker=262144"
    "memorysetup-temp-allocator-size-gfx=262144"
Refreshing native plugins compatible for Editor in 108.39 ms, found 3 plugins.
Preloading 0 native plugins for Editor in 0.00 ms.
Initialize engine version: 2021.3.14f1 (eee1884e7226)
[Subsystems] Discovering subsystems at path C:/Program Files/Unity 2021.3.14f1/Editor/Data/Resources/UnitySubsystems
[Subsystems] Discovering subsystems at path C:/Users/Suay/Documents/GitHub/Bomber-Squad-Clone/Bomber Squad Clone/Assets
GfxDevice: creating device client; threaded=0; jobified=0
Direct3D:
    Version:  Direct3D 11.0 [level 11.1]
    Renderer: NVIDIA GeForce RTX 3070 Ti Laptop GPU (ID=0x24e0)
    Vendor:   NVIDIA
    VRAM:     8032 MB
    Driver:   31.0.15.2824
Initialize mono
Mono path[0] = 'C:/Program Files/Unity 2021.3.14f1/Editor/Data/Managed'
Mono path[1] = 'C:/Program Files/Unity 2021.3.14f1/Editor/Data/MonoBleedingEdge/lib/mono/unityjit-win32'
Mono config path = 'C:/Program Files/Unity 2021.3.14f1/Editor/Data/MonoBleedingEdge/etc'
Using monoOptions --debugger-agent=transport=dt_socket,embedding=1,server=y,suspend=n,address=127.0.0.1:56560
Begin MonoManager ReloadAssembly
Registering precompiled unity dll's ...
Register platform support module: C:/Program Files/Unity 2021.3.14f1/Editor/Data/PlaybackEngines/AndroidPlayer/UnityEditor.Android.Extensions.dll
Register platform support module: C:/Program Files/Unity 2021.3.14f1/Editor/Data/PlaybackEngines/WindowsStandaloneSupport/UnityEditor.WindowsStandalone.Extensions.dll
Registered in 0.002065 seconds.
Native extension for WindowsStandalone target not found
Native extension for Android target not found
Refreshing native plugins compatible for Editor in 78.43 ms, found 3 plugins.
Preloading 0 native plugins for Editor in 0.00 ms.
Mono: successfully reloaded assembly
- Completed reload, in  0.471 seconds
Domain Reload Profiling:
	ReloadAssembly (472ms)
		BeginReloadAssembly (48ms)
			ExecutionOrderSort (0ms)
			DisableScriptedObjects (0ms)
			BackupInstance (0ms)
			ReleaseScriptingObjects (0ms)
			CreateAndSetChildDomain (1ms)
		EndReloadAssembly (349ms)
			LoadAssemblies (47ms)
			RebuildTransferFunctionScriptingTraits (0ms)
			SetupTypeCache (74ms)
			ReleaseScriptCaches (0ms)
			RebuildScriptCaches (23ms)
			SetupLoadedEditorAssemblies (216ms)
				LogAssemblyErrors (0ms)
				InitializePlatformSupportModulesInManaged (31ms)
				SetLoadedEditorAssemblies (0ms)
				RefreshPlugins (79ms)
				BeforeProcessingInitializeOnLoad (1ms)
				ProcessInitializeOnLoadAttributes (72ms)
				ProcessInitializeOnLoadMethodAttributes (33ms)
				AfterProcessingInitializeOnLoad (0ms)
				EditorAssembliesLoaded (0ms)
			ExecutionOrderSort2 (0ms)
			AwakeInstancesAfterBackupRestoration (0ms)
Platform modules already initialized, skipping
Registering precompiled user dll's ...
Registered in 0.004494 seconds.
Begin MonoManager ReloadAssembly
Symbol file LoadedFromMemory doesn't match image C:\Users\Suay\Documents\GitHub\Bomber-Squad-Clone\Bomber Squad Clone\Library\PackageCache\com.unity.visualscripting@1.7.8\Editor\VisualScripting.Core\Dependencies\YamlDotNet\Unity.VisualScripting.YamlDotNet.dll
Symbol file LoadedFromMemory doesn't match image C:\Users\Suay\Documents\GitHub\Bomber-Squad-Clone\Bomber Squad Clone\Library\PackageCache\com.unity.visualscripting@1.7.8\Editor\VisualScripting.Core\Dependencies\DotNetZip\Unity.VisualScripting.IonicZip.dll
Native extension for WindowsStandalone target not found
Native extension for Android target not found
Refreshing native plugins compatible for Editor in 0.72 ms, found 3 plugins.
Preloading 0 native plugins for Editor in 0.02 ms.
Mono: successfully reloaded assembly
- Completed reload, in  0.758 seconds
Domain Reload Profiling:
	ReloadAssembly (759ms)
		BeginReloadAssembly (78ms)
			ExecutionOrderSort (0ms)
			DisableScriptedObjects (4ms)
			BackupInstance (0ms)
			ReleaseScriptingObjects (0ms)
			CreateAndSetChildDomain (15ms)
		EndReloadAssembly (599ms)
			LoadAssemblies (60ms)
			RebuildTransferFunctionScriptingTraits (0ms)
			SetupTypeCache (185ms)
			ReleaseScriptCaches (0ms)
			RebuildScriptCaches (35ms)
			SetupLoadedEditorAssemblies (286ms)
				LogAssemblyErrors (0ms)
				InitializePlatformSupportModulesInManaged (10ms)
				SetLoadedEditorAssemblies (0ms)
				RefreshPlugins (1ms)
				BeforeProcessingInitializeOnLoad (61ms)
				ProcessInitializeOnLoadAttributes (186ms)
				ProcessInitializeOnLoadMethodAttributes (21ms)
				AfterProcessingInitializeOnLoad (6ms)
				EditorAssembliesLoaded (0ms)
			ExecutionOrderSort2 (0ms)
			AwakeInstancesAfterBackupRestoration (5ms)
Platform modules already initialized, skipping
========================================================================
Worker process is ready to serve import requests
Launched and connected shader compiler UnityShaderCompiler.exe after 0.04 seconds
Refreshing native plugins compatible for Editor in 1.21 ms, found 3 plugins.
Preloading 0 native plugins for Editor in 0.00 ms.
Unloading 3352 Unused Serialized files (Serialized files now loaded: 0)
Unloading 27 unused Assets / (113.8 KB). Loaded Objects now: 3830.
Memory consumption went from 135.5 MB to 135.4 MB.
Total: 3.135600 ms (FindLiveObjects: 0.201800 ms CreateObjectMapping: 0.125100 ms MarkObjects: 2.700100 ms  DeleteObjects: 0.107800 ms)

AssetImportParameters requested are different than current active one (requested -> active):
  custom:video-decoder-ogg-theora: a1e56fd34408186e4bbccfd4996cb3dc -> 
  custom:container-muxer-webm: aa71ff27fc2769a1b78a27578f13a17b -> 
  custom:container-demuxer-webm: 4f35f7cbe854078d1ac9338744f61a02 -> 
  custom:video-encoder-webm-vp8: eb34c28f22e8b96e1ab97ce403110664 -> 
  custom:video-codec-MediaFoundation-h265: 746d11721c4dcdbdad8f713fa42b33f4 -> 
  custom:audio-encoder-webm-vorbis: bf7c407c2cedff20999df2af8eb42d56 -> 
  custom:framework-win-MediaFoundation: 216162199b28c13a410421893ffa2e32 -> 
  custom:container-demuxer-ogg: 62fdf1f143b41e24485cea50d1cbac27 -> 
  custom:video-decoder-webm-vp8: 9c59270c3fd7afecdb556c50c9e8de78 -> 
  custom:audio-decoder-ogg-vorbis: bf7c407c2cedff20999df2af8eb42d56 -> 
========================================================================
Received Import Request.
  Time since last request: 1806362.679737 seconds.
  path: Assets/Asset Files/polyperfect/Low Poly Ultimate Pack/M/- Prefabs_M/Racing_M/building-race-track.prefab
  artifactKey: Guid(67c960226ab640f48925d215c8862dfc) Importer(815301076,1909f56bfc062723c751e8b465ee728b)
Start importing Assets/Asset Files/polyperfect/Low Poly Ultimate Pack/M/- Prefabs_M/Racing_M/building-race-track.prefab using Guid(67c960226ab640f48925d215c8862dfc) Importer(815301076,1909f56bfc062723c751e8b465ee728b)  -> (artifact id: 'c3433e1482945b744670fcf73ad66b73') in 0.145553 seconds 
========================================================================
Received Import Request.
  Time since last request: 34.273462 seconds.
  path: Assets/Asset Files/polyperfect/Low Poly Ultimate Pack/M/- Prefabs_M/Resources_M/carbon.prefab
  artifactKey: Guid(c5b3d895caa1911449b961028a2203ec) Importer(815301076,1909f56bfc062723c751e8b465ee728b)
Start importing Assets/Asset Files/polyperfect/Low Poly Ultimate Pack/M/- Prefabs_M/Resources_M/carbon.prefab using Guid(c5b3d895caa1911449b961028a2203ec) Importer(815301076,1909f56bfc062723c751e8b465ee728b)  -> (artifact id: '8ab40c948ff33775327d9c89b3aaad18') in 0.014617 seconds 
========================================================================
Received Import Request.
  Time since last request: 0.000033 seconds.
  path: Assets/Asset Files/polyperfect/Low Poly Ultimate Pack/M/- Prefabs_M/Resources_M/leather.prefab
  artifactKey: Guid(3ecb2f52a6f7162438a5c58b2d4a70a0) Importer(815301076,1909f56bfc062723c751e8b465ee728b)
Start importing Assets/Asset Files/polyperfect/Low Poly Ultimate Pack/M/- Prefabs_M/Resources_M/leather.prefab using Guid(3ecb2f52a6f7162438a5c58b2d4a70a0) Importer(815301076,1909f56bfc062723c751e8b465ee728b)  -> (artifact id: '3eae6d7fa4c7a10a0be68d6fcb7e994e') in 0.011880 seconds 
========================================================================
Received Import Request.
  Time since last request: 0.000021 seconds.
  path: Assets/Asset Files/polyperfect/Low Poly Ultimate Pack/M/- Prefabs_M/Resources_M/printed-circuit.prefab
  artifactKey: Guid(7d9f1db505de9284f931d63b6329dbc9) Importer(815301076,1909f56bfc062723c751e8b465ee728b)
Start importing Assets/Asset Files/polyperfect/Low Poly Ultimate Pack/M/- Prefabs_M/Resources_M/printed-circuit.prefab using Guid(7d9f1db505de9284f931d63b6329dbc9) Importer(815301076,1909f56bfc062723c751e8b465ee728b)  -> (artifact id: '29d778df653ebdb92b44c70e8d569aaf') in 0.017136 seconds 
========================================================================
Received Import Request.
  Time since last request: 0.000024 seconds.
  path: Assets/Asset Files/polyperfect/Low Poly Ultimate Pack/M/- Prefabs_M/Resources_M/superalloy.prefab
  artifactKey: Guid(8cb58a453d186c84eafbb4b841473d2d) Importer(815301076,1909f56bfc062723c751e8b465ee728b)
Start importing Assets/Asset Files/polyperfect/Low Poly Ultimate Pack/M/- Prefabs_M/Resources_M/superalloy.prefab using Guid(8cb58a453d186c84eafbb4b841473d2d) Importer(815301076,1909f56bfc062723c751e8b465ee728b)  -> (artifact id: 'ff4144caebc3a01d245cb5162f78af54') in 0.014096 seconds 
========================================================================
Received Import Request.
  Time since last request: 0.000022 seconds.
  path: Assets/Asset Files/polyperfect/Low Poly Ultimate Pack/M/- Prefabs_M/Resources_M/iron.prefab
  artifactKey: Guid(2194d172077fb3e438dca6717bf887c6) Importer(815301076,1909f56bfc062723c751e8b465ee728b)
Start importing Assets/Asset Files/polyperfect/Low Poly Ultimate Pack/M/- Prefabs_M/Resources_M/iron.prefab using Guid(2194d172077fb3e438dca6717bf887c6) Importer(815301076,1909f56bfc062723c751e8b465ee728b)  -> (artifact id: 'b67db2611d724764d74cbfeb005104d3') in 0.014870 seconds 
========================================================================
Received Import Request.
  Time since last request: 0.000024 seconds.
  path: Assets/Asset Files/polyperfect/Low Poly Ultimate Pack/M/- Prefabs_M/Resources_M/deposit-salt.prefab
  artifactKey: Guid(5147aeefa3b8bfe4d82d584e2b8c47a2) Importer(815301076,1909f56bfc062723c751e8b465ee728b)
Start importing Assets/Asset Files/polyperfect/Low Poly Ultimate Pack/M/- Prefabs_M/Resources_M/deposit-salt.prefab using Guid(5147aeefa3b8bfe4d82d584e2b8c47a2) Importer(815301076,1909f56bfc062723c751e8b465ee728b)  -> (artifact id: '44d8bd1ae85be5c26e36ce63df3b6e40') in 0.013956 seconds 
========================================================================
Received Import Request.
  Time since last request: 11.942840 seconds.
  path: Assets/Asset Files/polyperfect/Low Poly Ultimate Pack/M/- Prefabs_M/Food_M/banana.prefab
  artifactKey: Guid(5d3dafc3b20484eb1971092f27cac145) Importer(815301076,1909f56bfc062723c751e8b465ee728b)
Start importing Assets/Asset Files/polyperfect/Low Poly Ultimate Pack/M/- Prefabs_M/Food_M/banana.prefab using Guid(5d3dafc3b20484eb1971092f27cac145) Importer(815301076,1909f56bfc062723c751e8b465ee728b)  -> (artifact id: '4348ea082fcfec810f8c1dc91f7b32a7') in 0.023770 seconds 
========================================================================
Received Import Request.
  Time since last request: 0.000020 seconds.
  path: Assets/Asset Files/polyperfect/Low Poly Ultimate Pack/M/- Prefabs_M/Food_M/mokka-pot.prefab
  artifactKey: Guid(8b004d8823d4bc445a7cc883931486d0) Importer(815301076,1909f56bfc062723c751e8b465ee728b)
Start importing Assets/Asset Files/polyperfect/Low Poly Ultimate Pack/M/- Prefabs_M/Food_M/mokka-pot.prefab using Guid(8b004d8823d4bc445a7cc883931486d0) Importer(815301076,1909f56bfc062723c751e8b465ee728b)  -> (artifact id: 'c34b0054cc35ca438d50c350a5b5df83') in 0.016526 seconds 
========================================================================
Received Import Request.
  Time since last request: 0.000026 seconds.
  path: Assets/Asset Files/polyperfect/Low Poly Ultimate Pack/M/- Prefabs_M/Food_M/coffee-cup-paper.prefab
  artifactKey: Guid(f0bc4a5d03609da4ea45401c92510922) Importer(815301076,1909f56bfc062723c751e8b465ee728b)
Start importing Assets/Asset Files/polyperfect/Low Poly Ultimate Pack/M/- Prefabs_M/Food_M/coffee-cup-paper.prefab using Guid(f0bc4a5d03609da4ea45401c92510922) Importer(815301076,1909f56bfc062723c751e8b465ee728b)  -> (artifact id: 'c2fc1fadf31e9d9a028acd35df35736e') in 0.017999 seconds 
========================================================================
Received Import Request.
  Time since last request: 0.000024 seconds.
  path: Assets/Asset Files/polyperfect/Low Poly Ultimate Pack/M/- Prefabs_M/Food_M/pizza-mozzarella.prefab
  artifactKey: Guid(7dbdd11837d8b494e8ef6ae74e7a62dd) Importer(815301076,1909f56bfc062723c751e8b465ee728b)
Start importing Assets/Asset Files/polyperfect/Low Poly Ultimate Pack/M/- Prefabs_M/Food_M/pizza-mozzarella.prefab using Guid(7dbdd11837d8b494e8ef6ae74e7a62dd) Importer(815301076,1909f56bfc062723c751e8b465ee728b)  -> (artifact id: 'f7851b8cdaaf5b99458441c938ddd131') in 0.014265 seconds 
========================================================================
Received Import Request.
  Time since last request: 0.000025 seconds.
  path: Assets/Asset Files/polyperfect/Low Poly Ultimate Pack/M/- Prefabs_M/Food_M/coconut-open.prefab
  artifactKey: Guid(b158f127e182ce743b59a79a3514f505) Importer(815301076,1909f56bfc062723c751e8b465ee728b)
Start importing Assets/Asset Files/polyperfect/Low Poly Ultimate Pack/M/- Prefabs_M/Food_M/coconut-open.prefab using Guid(b158f127e182ce743b59a79a3514f505) Importer(815301076,1909f56bfc062723c751e8b465ee728b)  -> (artifact id: 'e1146146e1160852a2d79b46c2f14d38') in 0.014222 seconds 
========================================================================
Received Import Request.
  Time since last request: 0.000024 seconds.
  path: Assets/Asset Files/polyperfect/Low Poly Ultimate Pack/M/- Prefabs_M/Food_M/cereal-box.prefab
  artifactKey: Guid(e5a356435d6c24c088b740dc1c13b645) Importer(815301076,1909f56bfc062723c751e8b465ee728b)
Start importing Assets/Asset Files/polyperfect/Low Poly Ultimate Pack/M/- Prefabs_M/Food_M/cereal-box.prefab using Guid(e5a356435d6c24c088b740dc1c13b645) Importer(815301076,1909f56bfc062723c751e8b465ee728b)  -> (artifact id: 'c0b4022e7fd098d96148494d5bc3500c') in 0.018743 seconds 
========================================================================
Received Import Request.
  Time since last request: 0.000019 seconds.
  path: Assets/Asset Files/polyperfect/Low Poly Ultimate Pack/M/- Prefabs_M/Food_M/fries.prefab
  artifactKey: Guid(a91fd09f6a11341b0828e7359c4c53be) Importer(815301076,1909f56bfc062723c751e8b465ee728b)
Start importing Assets/Asset Files/polyperfect/Low Poly Ultimate Pack/M/- Prefabs_M/Food_M/fries.prefab using Guid(a91fd09f6a11341b0828e7359c4c53be) Importer(815301076,1909f56bfc062723c751e8b465ee728b)  -> (artifact id: 'e51248237d7b1de35c309446b94755a3') in 0.015770 seconds 
========================================================================
Received Import Request.
  Time since last request: 0.000034 seconds.
  path: Assets/Asset Files/polyperfect/Low Poly Ultimate Pack/M/- Prefabs_M/Food_M/honey.prefab
  artifactKey: Guid(8a096f0786e6346258491fdc1beb592f) Importer(815301076,1909f56bfc062723c751e8b465ee728b)
Start importing Assets/Asset Files/polyperfect/Low Poly Ultimate Pack/M/- Prefabs_M/Food_M/honey.prefab using Guid(8a096f0786e6346258491fdc1beb592f) Importer(815301076,1909f56bfc062723c751e8b465ee728b)  -> (artifact id: '845f684d770a06dc220fac1262074b40') in 0.020915 seconds 
========================================================================
Received Import Request.
  Time since last request: 0.000021 seconds.
  path: Assets/Asset Files/polyperfect/Low Poly Ultimate Pack/M/- Prefabs_M/Food_M/corn.prefab
  artifactKey: Guid(5b6062007637241e0b729ae8d458864b) Importer(815301076,1909f56bfc062723c751e8b465ee728b)
Start importing Assets/Asset Files/polyperfect/Low Poly Ultimate Pack/M/- Prefabs_M/Food_M/corn.prefab using Guid(5b6062007637241e0b729ae8d458864b) Importer(815301076,1909f56bfc062723c751e8b465ee728b)  -> (artifact id: 'f2e114183f96bdb0c975c856a332c4c6') in 0.015397 seconds 
========================================================================
Received Import Request.
  Time since last request: 0.000026 seconds.
  path: Assets/Asset Files/polyperfect/Low Poly Ultimate Pack/M/- Prefabs_M/Food_M/carrot.prefab
  artifactKey: Guid(a1a064d8b631749e6bb8f2e7dab980c0) Importer(815301076,1909f56bfc062723c751e8b465ee728b)
Start importing Assets/Asset Files/polyperfect/Low Poly Ultimate Pack/M/- Prefabs_M/Food_M/carrot.prefab using Guid(a1a064d8b631749e6bb8f2e7dab980c0) Importer(815301076,1909f56bfc062723c751e8b465ee728b)  -> (artifact id: '49d7ff9fe74199f1d04fa5e648c9c926') in 0.016632 seconds 
========================================================================
Received Import Request.
  Time since last request: 1.887556 seconds.
  path: Assets/Asset Files/polyperfect/Low Poly Ultimate Pack/M/- Prefabs_M/Furniture_M/cabinet-kitchen-small.prefab
  artifactKey: Guid(d4395a033bba949a3bb0008ff4898610) Importer(815301076,1909f56bfc062723c751e8b465ee728b)
Start importing Assets/Asset Files/polyperfect/Low Poly Ultimate Pack/M/- Prefabs_M/Furniture_M/cabinet-kitchen-small.prefab using Guid(d4395a033bba949a3bb0008ff4898610) Importer(815301076,1909f56bfc062723c751e8b465ee728b)  -> (artifact id: '4fccf986ae172fa7c22212c0cd58f72f') in 0.015026 seconds 
========================================================================
Received Import Request.
  Time since last request: 0.000018 seconds.
  path: Assets/Asset Files/polyperfect/Low Poly Ultimate Pack/M/- Prefabs_M/Furniture_M/table-television.prefab
  artifactKey: Guid(8fae16b0f2bd34fe6a3ff811a21d146b) Importer(815301076,1909f56bfc062723c751e8b465ee728b)
Start importing Assets/Asset Files/polyperfect/Low Poly Ultimate Pack/M/- Prefabs_M/Furniture_M/table-television.prefab using Guid(8fae16b0f2bd34fe6a3ff811a21d146b) Importer(815301076,1909f56bfc062723c751e8b465ee728b)  -> (artifact id: '629ce437039034d1348c3f5d511ce2eb') in 0.021737 seconds 
========================================================================
Received Import Request.
  Time since last request: 0.000021 seconds.
  path: Assets/Asset Files/polyperfect/Low Poly Ultimate Pack/M/- Prefabs_M/Furniture_M/chair-dining.prefab
  artifactKey: Guid(0f9866448112842e784d5f4a847ad24a) Importer(815301076,1909f56bfc062723c751e8b465ee728b)
Start importing Assets/Asset Files/polyperfect/Low Poly Ultimate Pack/M/- Prefabs_M/Furniture_M/chair-dining.prefab using Guid(0f9866448112842e784d5f4a847ad24a) Importer(815301076,1909f56bfc062723c751e8b465ee728b)  -> (artifact id: '2a791fc026fc4fbd588046e599bd2061') in 0.013713 seconds 
========================================================================
Received Import Request.
  Time since last request: 0.000021 seconds.
  path: Assets/Asset Files/polyperfect/Low Poly Ultimate Pack/M/- Prefabs_M/Furniture_M/wash-basin.prefab
  artifactKey: Guid(af9dc88a37ecb498db34a7bfba956104) Importer(815301076,1909f56bfc062723c751e8b465ee728b)
Start importing Assets/Asset Files/polyperfect/Low Poly Ultimate Pack/M/- Prefabs_M/Furniture_M/wash-basin.prefab using Guid(af9dc88a37ecb498db34a7bfba956104) Importer(815301076,1909f56bfc062723c751e8b465ee728b)  -> (artifact id: 'aafafe88f859975ea83b4a214da650fa') in 0.013082 seconds 
========================================================================
Received Import Request.
  Time since last request: 2.619744 seconds.
  path: Assets/Asset Files/polyperfect/Low Poly Ultimate Pack/M/- Prefabs_M/Props_M/cargo-shipping.prefab
  artifactKey: Guid(a9b5436c77c79497486ac04c79b37e2f) Importer(815301076,1909f56bfc062723c751e8b465ee728b)
Start importing Assets/Asset Files/polyperfect/Low Poly Ultimate Pack/M/- Prefabs_M/Props_M/cargo-shipping.prefab using Guid(a9b5436c77c79497486ac04c79b37e2f) Importer(815301076,1909f56bfc062723c751e8b465ee728b)  -> (artifact id: '8af6185dcc3aa02f7756a29dfcce429f') in 0.020590 seconds 
========================================================================
Received Import Request.
  Time since last request: 0.000029 seconds.
  path: Assets/Asset Files/polyperfect/Low Poly Ultimate Pack/M/- Prefabs_M/Props_M/polyperfect-sign.prefab
  artifactKey: Guid(a54e07c3d427e324eab0341a20e30bdf) Importer(815301076,1909f56bfc062723c751e8b465ee728b)
Start importing Assets/Asset Files/polyperfect/Low Poly Ultimate Pack/M/- Prefabs_M/Props_M/polyperfect-sign.prefab using Guid(a54e07c3d427e324eab0341a20e30bdf) Importer(815301076,1909f56bfc062723c751e8b465ee728b)  -> (artifact id: '0d268e9eee487e689bcd79c4b9cf166e') in 0.019597 seconds 
========================================================================
Received Import Request.
  Time since last request: 0.000019 seconds.
  path: Assets/Asset Files/polyperfect/Low Poly Ultimate Pack/M/- Prefabs_M/Props_M/package-box.prefab
  artifactKey: Guid(7b49ae5af64e047cf9c52dffe612a365) Importer(815301076,1909f56bfc062723c751e8b465ee728b)
Start importing Assets/Asset Files/polyperfect/Low Poly Ultimate Pack/M/- Prefabs_M/Props_M/package-box.prefab using Guid(7b49ae5af64e047cf9c52dffe612a365) Importer(815301076,1909f56bfc062723c751e8b465ee728b)  -> (artifact id: '4e1895d4d0e1b70422a721b6dc6faf18') in 0.012835 seconds 
========================================================================
Received Import Request.
  Time since last request: 0.000019 seconds.
  path: Assets/Asset Files/polyperfect/Low Poly Ultimate Pack/M/- Prefabs_M/Props_M/presne-box-block.prefab
  artifactKey: Guid(fdddf307fbe6c4138a9019d179853a66) Importer(815301076,1909f56bfc062723c751e8b465ee728b)
Start importing Assets/Asset Files/polyperfect/Low Poly Ultimate Pack/M/- Prefabs_M/Props_M/presne-box-block.prefab using Guid(fdddf307fbe6c4138a9019d179853a66) Importer(815301076,1909f56bfc062723c751e8b465ee728b)  -> (artifact id: '413285339c7af74f1a9079daa4689395') in 0.012677 seconds 
========================================================================
Received Import Request.
  Time since last request: 0.000025 seconds.
  path: Assets/Asset Files/polyperfect/Low Poly Ultimate Pack/M/- Prefabs_M/Props_M/tent.prefab
  artifactKey: Guid(1932beae19ab8904ead075ad7af83277) Importer(815301076,1909f56bfc062723c751e8b465ee728b)
Start importing Assets/Asset Files/polyperfect/Low Poly Ultimate Pack/M/- Prefabs_M/Props_M/tent.prefab using Guid(1932beae19ab8904ead075ad7af83277) Importer(815301076,1909f56bfc062723c751e8b465ee728b)  -> (artifact id: '1bbb061cf7a1f61ac256f7bf29c4d2bf') in 0.012902 seconds 
========================================================================
Received Import Request.
  Time since last request: 25.106221 seconds.
  path: Assets/Asset Files/Stickman-Fantasy-Pack/Prefabs/Character-4.prefab
  artifactKey: Guid(ac94cd02a5c6cae4f8224ab556436426) Importer(815301076,1909f56bfc062723c751e8b465ee728b)
Start importing Assets/Asset Files/Stickman-Fantasy-Pack/Prefabs/Character-4.prefab using Guid(ac94cd02a5c6cae4f8224ab556436426) Importer(815301076,1909f56bfc062723c751e8b465ee728b)  -> (artifact id: '5a25b711fdab90fa443bedf7b2784d67') in 0.141360 seconds 
========================================================================
Received Import Request.
  Time since last request: 0.000028 seconds.
  path: Assets/Asset Files/Stickman-Fantasy-Pack/Prefabs/Character-13.prefab
  artifactKey: Guid(154678406bd63fe40b4f937837a851af) Importer(815301076,1909f56bfc062723c751e8b465ee728b)
Start importing Assets/Asset Files/Stickman-Fantasy-Pack/Prefabs/Character-13.prefab using Guid(154678406bd63fe40b4f937837a851af) Importer(815301076,1909f56bfc062723c751e8b465ee728b)  -> (artifact id: '835967c3c5e87ebaf3c51c90cca54c0c') in 0.042440 seconds 
========================================================================
Received Import Request.
  Time since last request: 0.000032 seconds.
  path: Assets/Asset Files/Stickman-Fantasy-Pack/Prefabs/Character-12.prefab
  artifactKey: Guid(bc5fef7eba5704b40885b53d6274604c) Importer(815301076,1909f56bfc062723c751e8b465ee728b)
Start importing Assets/Asset Files/Stickman-Fantasy-Pack/Prefabs/Character-12.prefab using Guid(bc5fef7eba5704b40885b53d6274604c) Importer(815301076,1909f56bfc062723c751e8b465ee728b)  -> (artifact id: '7458ab5dca630cf1796c17fae2780790') in 0.043875 seconds 
========================================================================
Received Import Request.
  Time since last request: 0.000018 seconds.
  path: Assets/Asset Files/Stickman-Fantasy-Pack/Prefabs/Monster-4.prefab
  artifactKey: Guid(ec6b724c27ced05498983c37b4d7aabe) Importer(815301076,1909f56bfc062723c751e8b465ee728b)
Start importing Assets/Asset Files/Stickman-Fantasy-Pack/Prefabs/Monster-4.prefab using Guid(ec6b724c27ced05498983c37b4d7aabe) Importer(815301076,1909f56bfc062723c751e8b465ee728b)  -> (artifact id: '4fc31337f01775173b59e30d80ab9fb1') in 0.024722 seconds 
========================================================================
Received Prepare
Registering precompiled user dll's ...
Registered in 0.004363 seconds.
Begin MonoManager ReloadAssembly
Symbol file LoadedFromMemory doesn't match image C:\Users\Suay\Documents\GitHub\Bomber-Squad-Clone\Bomber Squad Clone\Library\PackageCache\com.unity.visualscripting@1.7.8\Editor\VisualScripting.Core\Dependencies\YamlDotNet\Unity.VisualScripting.YamlDotNet.dll
Symbol file LoadedFromMemory doesn't match image C:\Users\Suay\Documents\GitHub\Bomber-Squad-Clone\Bomber Squad Clone\Library\PackageCache\com.unity.visualscripting@1.7.8\Editor\VisualScripting.Core\Dependencies\DotNetZip\Unity.VisualScripting.IonicZip.dll
Native extension for WindowsStandalone target not found
Native extension for Android target not found
Refreshing native plugins compatible for Editor in 1.31 ms, found 3 plugins.
Preloading 0 native plugins for Editor in 0.00 ms.
Mono: successfully reloaded assembly
- Completed reload, in  0.784 seconds
Domain Reload Profiling:
	ReloadAssembly (784ms)
		BeginReloadAssembly (104ms)
			ExecutionOrderSort (0ms)
			DisableScriptedObjects (4ms)
			BackupInstance (0ms)
			ReleaseScriptingObjects (0ms)
			CreateAndSetChildDomain (28ms)
		EndReloadAssembly (600ms)
			LoadAssemblies (68ms)
			RebuildTransferFunctionScriptingTraits (0ms)
			SetupTypeCache (227ms)
			ReleaseScriptCaches (1ms)
			RebuildScriptCaches (37ms)
			SetupLoadedEditorAssemblies (225ms)
				LogAssemblyErrors (0ms)
				InitializePlatformSupportModulesInManaged (18ms)
				SetLoadedEditorAssemblies (1ms)
				RefreshPlugins (1ms)
				BeforeProcessingInitializeOnLoad (47ms)
				ProcessInitializeOnLoadAttributes (137ms)
				ProcessInitializeOnLoadMethodAttributes (17ms)
				AfterProcessingInitializeOnLoad (3ms)
				EditorAssembliesLoaded (0ms)
			ExecutionOrderSort2 (0ms)
			AwakeInstancesAfterBackupRestoration (4ms)
Platform modules already initialized, skipping
Refreshing native plugins compatible for Editor in 2.37 ms, found 3 plugins.
Preloading 0 native plugins for Editor in 0.00 ms.
Unloading 3347 Unused Serialized files (Serialized files now loaded: 0)
Unloading 20 unused Assets / (80.3 KB). Loaded Objects now: 3842.
Memory consumption went from 152.7 MB to 152.6 MB.
Total: 3.053000 ms (FindLiveObjects: 0.182700 ms CreateObjectMapping: 0.098000 ms MarkObjects: 2.689000 ms  DeleteObjects: 0.082000 ms)

AssetImportParameters requested are different than current active one (requested -> active):
  custom:video-decoder-ogg-theora: a1e56fd34408186e4bbccfd4996cb3dc -> 
  custom:container-muxer-webm: aa71ff27fc2769a1b78a27578f13a17b -> 
  custom:container-demuxer-webm: 4f35f7cbe854078d1ac9338744f61a02 -> 
  custom:video-encoder-webm-vp8: eb34c28f22e8b96e1ab97ce403110664 -> 
  custom:video-codec-MediaFoundation-h265: 746d11721c4dcdbdad8f713fa42b33f4 -> 
  custom:audio-encoder-webm-vorbis: bf7c407c2cedff20999df2af8eb42d56 -> 
  custom:framework-win-MediaFoundation: 216162199b28c13a410421893ffa2e32 -> 
  custom:container-demuxer-ogg: 62fdf1f143b41e24485cea50d1cbac27 -> 
  custom:video-decoder-webm-vp8: 9c59270c3fd7afecdb556c50c9e8de78 -> 
  custom:audio-decoder-ogg-vorbis: bf7c407c2cedff20999df2af8eb42d56 -> 
Editor requested this worker to shutdown with reason: Scaling down because of idle timeout
AssetImportWorker is now disconnected from the server
Process exiting
Exiting without the bug reporter. Application will terminate with return code 0