Using pre-set license
Built from '2021.3/staging' branch; Version is '2021.3.14f1 (eee1884e7226) revision 15655304'; Using compiler version '192829333'; Build Type 'Release'
OS: 'Windows 11  (10.0.22621) 64bit Core' Language: 'tr' Physical Memory: 32492 MB
BatchMode: 1, IsHumanControllingUs: 0, StartBugReporterOnCrash: 0, Is64bit: 1, IsPro: 1

COMMAND LINE ARGUMENTS:
C:\Program Files\Unity 2021.3.14f1\Editor\Unity.exe
-adb2
-batchMode
-noUpm
-name
AssetImportWorker0
-projectPath
C:/Users/Suay/Documents/GitHub/Bomber-Squad-Clone/Bomber Squad Clone
-logFile
Logs/AssetImportWorker0.log
-srvPort
57929
Successfully changed project path to: C:/Users/Suay/Documents/GitHub/Bomber-Squad-Clone/Bomber Squad Clone
C:/Users/Suay/Documents/GitHub/Bomber-Squad-Clone/Bomber Squad Clone
[UnityMemory] Configuration Parameters - Can be set up in boot.config
    "memorysetup-bucket-allocator-granularity=16"
    "memorysetup-bucket-allocator-bucket-count=8"
    "memorysetup-bucket-allocator-block-size=33554432"
    "memorysetup-bucket-allocator-block-count=8"
    "memorysetup-main-allocator-block-size=16777216"
    "memorysetup-thread-allocator-block-size=16777216"
    "memorysetup-gfx-main-allocator-block-size=16777216"
    "memorysetup-gfx-thread-allocator-block-size=16777216"
    "memorysetup-cache-allocator-block-size=4194304"
    "memorysetup-typetree-allocator-block-size=2097152"
    "memorysetup-profiler-bucket-allocator-granularity=16"
    "memorysetup-profiler-bucket-allocator-bucket-count=8"
    "memorysetup-profiler-bucket-allocator-block-size=33554432"
    "memorysetup-profiler-bucket-allocator-block-count=8"
    "memorysetup-profiler-allocator-block-size=16777216"
    "memorysetup-profiler-editor-allocator-block-size=1048576"
    "memorysetup-temp-allocator-size-main=16777216"
    "memorysetup-job-temp-allocator-block-size=2097152"
    "memorysetup-job-temp-allocator-block-size-background=1048576"
    "memorysetup-job-temp-allocator-reduction-small-platforms=262144"
    "memorysetup-temp-allocator-size-background-worker=32768"
    "memorysetup-temp-allocator-size-job-worker=262144"
    "memorysetup-temp-allocator-size-preload-manager=33554432"
    "memorysetup-temp-allocator-size-nav-mesh-worker=65536"
    "memorysetup-temp-allocator-size-audio-worker=65536"
    "memorysetup-temp-allocator-size-cloud-worker=32768"
    "memorysetup-temp-allocator-size-gi-baking-worker=262144"
    "memorysetup-temp-allocator-size-gfx=262144"
Refreshing native plugins compatible for Editor in 84.86 ms, found 3 plugins.
Preloading 0 native plugins for Editor in 0.00 ms.
Initialize engine version: 2021.3.14f1 (eee1884e7226)
[Subsystems] Discovering subsystems at path C:/Program Files/Unity 2021.3.14f1/Editor/Data/Resources/UnitySubsystems
[Subsystems] Discovering subsystems at path C:/Users/Suay/Documents/GitHub/Bomber-Squad-Clone/Bomber Squad Clone/Assets
GfxDevice: creating device client; threaded=0; jobified=0
Direct3D:
    Version:  Direct3D 11.0 [level 11.1]
    Renderer: NVIDIA GeForce RTX 3070 Ti Laptop GPU (ID=0x24e0)
    Vendor:   NVIDIA
    VRAM:     8032 MB
    Driver:   31.0.15.2824
Initialize mono
Mono path[0] = 'C:/Program Files/Unity 2021.3.14f1/Editor/Data/Managed'
Mono path[1] = 'C:/Program Files/Unity 2021.3.14f1/Editor/Data/MonoBleedingEdge/lib/mono/unityjit-win32'
Mono config path = 'C:/Program Files/Unity 2021.3.14f1/Editor/Data/MonoBleedingEdge/etc'
Using monoOptions --debugger-agent=transport=dt_socket,embedding=1,server=y,suspend=n,address=127.0.0.1:56284
Begin MonoManager ReloadAssembly
Registering precompiled unity dll's ...
Register platform support module: C:/Program Files/Unity 2021.3.14f1/Editor/Data/PlaybackEngines/AndroidPlayer/UnityEditor.Android.Extensions.dll
Register platform support module: C:/Program Files/Unity 2021.3.14f1/Editor/Data/PlaybackEngines/WindowsStandaloneSupport/UnityEditor.WindowsStandalone.Extensions.dll
Registered in 0.002150 seconds.
Native extension for WindowsStandalone target not found
Native extension for Android target not found
Refreshing native plugins compatible for Editor in 98.94 ms, found 3 plugins.
Preloading 0 native plugins for Editor in 0.00 ms.
Mono: successfully reloaded assembly
- Completed reload, in  0.480 seconds
Domain Reload Profiling:
	ReloadAssembly (480ms)
		BeginReloadAssembly (49ms)
			ExecutionOrderSort (0ms)
			DisableScriptedObjects (0ms)
			BackupInstance (0ms)
			ReleaseScriptingObjects (0ms)
			CreateAndSetChildDomain (0ms)
		EndReloadAssembly (359ms)
			LoadAssemblies (48ms)
			RebuildTransferFunctionScriptingTraits (0ms)
			SetupTypeCache (73ms)
			ReleaseScriptCaches (0ms)
			RebuildScriptCaches (19ms)
			SetupLoadedEditorAssemblies (231ms)
				LogAssemblyErrors (0ms)
				InitializePlatformSupportModulesInManaged (31ms)
				SetLoadedEditorAssemblies (0ms)
				RefreshPlugins (99ms)
				BeforeProcessingInitializeOnLoad (1ms)
				ProcessInitializeOnLoadAttributes (66ms)
				ProcessInitializeOnLoadMethodAttributes (34ms)
				AfterProcessingInitializeOnLoad (0ms)
				EditorAssembliesLoaded (0ms)
			ExecutionOrderSort2 (0ms)
			AwakeInstancesAfterBackupRestoration (0ms)
Platform modules already initialized, skipping
Registering precompiled user dll's ...
Registered in 0.004260 seconds.
Begin MonoManager ReloadAssembly
Symbol file LoadedFromMemory doesn't match image C:\Users\Suay\Documents\GitHub\Bomber-Squad-Clone\Bomber Squad Clone\Library\PackageCache\com.unity.visualscripting@1.7.8\Editor\VisualScripting.Core\Dependencies\YamlDotNet\Unity.VisualScripting.YamlDotNet.dll
Symbol file LoadedFromMemory doesn't match image C:\Users\Suay\Documents\GitHub\Bomber-Squad-Clone\Bomber Squad Clone\Library\PackageCache\com.unity.visualscripting@1.7.8\Editor\VisualScripting.Core\Dependencies\DotNetZip\Unity.VisualScripting.IonicZip.dll
Native extension for WindowsStandalone target not found
Native extension for Android target not found
Refreshing native plugins compatible for Editor in 0.75 ms, found 3 plugins.
Preloading 0 native plugins for Editor in 0.00 ms.
Mono: successfully reloaded assembly
- Completed reload, in  0.738 seconds
Domain Reload Profiling:
	ReloadAssembly (739ms)
		BeginReloadAssembly (75ms)
			ExecutionOrderSort (0ms)
			DisableScriptedObjects (4ms)
			BackupInstance (0ms)
			ReleaseScriptingObjects (0ms)
			CreateAndSetChildDomain (14ms)
		EndReloadAssembly (582ms)
			LoadAssemblies (56ms)
			RebuildTransferFunctionScriptingTraits (0ms)
			SetupTypeCache (175ms)
			ReleaseScriptCaches (0ms)
			RebuildScriptCaches (39ms)
			SetupLoadedEditorAssemblies (285ms)
				LogAssemblyErrors (0ms)
				InitializePlatformSupportModulesInManaged (9ms)
				SetLoadedEditorAssemblies (0ms)
				RefreshPlugins (1ms)
				BeforeProcessingInitializeOnLoad (61ms)
				ProcessInitializeOnLoadAttributes (193ms)
				ProcessInitializeOnLoadMethodAttributes (18ms)
				AfterProcessingInitializeOnLoad (4ms)
				EditorAssembliesLoaded (0ms)
			ExecutionOrderSort2 (0ms)
			AwakeInstancesAfterBackupRestoration (4ms)
Platform modules already initialized, skipping
========================================================================
Worker process is ready to serve import requests
Launched and connected shader compiler UnityShaderCompiler.exe after 0.03 seconds
Refreshing native plugins compatible for Editor in 0.84 ms, found 3 plugins.
Preloading 0 native plugins for Editor in 0.00 ms.
Unloading 3526 Unused Serialized files (Serialized files now loaded: 0)
Unloading 40 unused Assets / (186.1 KB). Loaded Objects now: 4004.
Memory consumption went from 141.2 MB to 141.0 MB.
Total: 3.139500 ms (FindLiveObjects: 0.288300 ms CreateObjectMapping: 0.121900 ms MarkObjects: 2.621400 ms  DeleteObjects: 0.106400 ms)

AssetImportParameters requested are different than current active one (requested -> active):
  custom:video-decoder-ogg-theora: a1e56fd34408186e4bbccfd4996cb3dc -> 
  custom:container-muxer-webm: aa71ff27fc2769a1b78a27578f13a17b -> 
  custom:container-demuxer-webm: 4f35f7cbe854078d1ac9338744f61a02 -> 
  custom:video-encoder-webm-vp8: eb34c28f22e8b96e1ab97ce403110664 -> 
  custom:video-codec-MediaFoundation-h265: 746d11721c4dcdbdad8f713fa42b33f4 -> 
  custom:audio-encoder-webm-vorbis: bf7c407c2cedff20999df2af8eb42d56 -> 
  custom:framework-win-MediaFoundation: 216162199b28c13a410421893ffa2e32 -> 
  custom:container-demuxer-ogg: 62fdf1f143b41e24485cea50d1cbac27 -> 
  custom:video-decoder-webm-vp8: 9c59270c3fd7afecdb556c50c9e8de78 -> 
  custom:audio-decoder-ogg-vorbis: bf7c407c2cedff20999df2af8eb42d56 -> 
========================================================================
Received Import Request.
  Time since last request: 1823754.714676 seconds.
  path: Assets/OccaSoftware/Crosshairs
  artifactKey: Guid(b1d34c063aaf45f428173916f9612ba8) Importer(815301076,1909f56bfc062723c751e8b465ee728b)
Start importing Assets/OccaSoftware/Crosshairs using Guid(b1d34c063aaf45f428173916f9612ba8) Importer(815301076,1909f56bfc062723c751e8b465ee728b)  -> (artifact id: 'c54f96c8437f95047fc1f9aec1178789') in 0.021037 seconds 
========================================================================
Received Import Request.
  Time since last request: 1.737492 seconds.
  path: Assets/OccaSoftware/Crosshairs/Art
  artifactKey: Guid(e3d9ef9ae33924b48a432d8787e51c8f) Importer(815301076,1909f56bfc062723c751e8b465ee728b)
Start importing Assets/OccaSoftware/Crosshairs/Art using Guid(e3d9ef9ae33924b48a432d8787e51c8f) Importer(815301076,1909f56bfc062723c751e8b465ee728b)  -> (artifact id: 'df2e57b61e3cb98a526afc4c5279c557') in 0.010206 seconds 
========================================================================
Received Import Request.
  Time since last request: 0.577373 seconds.
  path: Assets/OccaSoftware/Crosshairs/Art/Textures
  artifactKey: Guid(ff0be6beef160c74fa357da3c3371c46) Importer(815301076,1909f56bfc062723c751e8b465ee728b)
Start importing Assets/OccaSoftware/Crosshairs/Art/Textures using Guid(ff0be6beef160c74fa357da3c3371c46) Importer(815301076,1909f56bfc062723c751e8b465ee728b)  -> (artifact id: 'f271395d74f26b5ef9815753b5495c58') in 0.009952 seconds 
========================================================================
Received Import Request.
  Time since last request: 0.055549 seconds.
  path: Assets/OccaSoftware/Crosshairs/Art/Textures/Crosshair_01.png
  artifactKey: Guid(56f433345b1faa64eb50cdb197d34f71) Importer(815301076,1909f56bfc062723c751e8b465ee728b)
Start importing Assets/OccaSoftware/Crosshairs/Art/Textures/Crosshair_01.png using Guid(56f433345b1faa64eb50cdb197d34f71) Importer(815301076,1909f56bfc062723c751e8b465ee728b)  -> (artifact id: 'a312fefa85150a8c3479351495f51101') in 0.105234 seconds 
========================================================================
Received Import Request.
  Time since last request: 0.000017 seconds.
  path: Assets/OccaSoftware/Crosshairs/Art/Textures/Crosshair_06.png
  artifactKey: Guid(b889ef0124f73fa4298de5e962dac98b) Importer(815301076,1909f56bfc062723c751e8b465ee728b)
Start importing Assets/OccaSoftware/Crosshairs/Art/Textures/Crosshair_06.png using Guid(b889ef0124f73fa4298de5e962dac98b) Importer(815301076,1909f56bfc062723c751e8b465ee728b)  -> (artifact id: '190f38bb907d83916af5317bd62fec5b') in 0.014613 seconds 
========================================================================
Received Import Request.
  Time since last request: 0.000035 seconds.
  path: Assets/OccaSoftware/Crosshairs/Art/Textures/Crosshair_07.png
  artifactKey: Guid(c9eecbebc2f28f94488fbbf662912f1a) Importer(815301076,1909f56bfc062723c751e8b465ee728b)
Start importing Assets/OccaSoftware/Crosshairs/Art/Textures/Crosshair_07.png using Guid(c9eecbebc2f28f94488fbbf662912f1a) Importer(815301076,1909f56bfc062723c751e8b465ee728b)  -> (artifact id: 'bf8456232d80e908b27059441002790c') in 0.015045 seconds 
========================================================================
Received Import Request.
  Time since last request: 0.000024 seconds.
  path: Assets/OccaSoftware/Crosshairs/Art/Textures/Crosshair_19.png
  artifactKey: Guid(1d78ea13ed0615c4996735add71cbd43) Importer(815301076,1909f56bfc062723c751e8b465ee728b)
Start importing Assets/OccaSoftware/Crosshairs/Art/Textures/Crosshair_19.png using Guid(1d78ea13ed0615c4996735add71cbd43) Importer(815301076,1909f56bfc062723c751e8b465ee728b)  -> (artifact id: '21560249b8132c02d6a710ee8bf5ab7b') in 0.010834 seconds 
========================================================================
Received Import Request.
  Time since last request: 0.000020 seconds.
  path: Assets/OccaSoftware/Crosshairs/Art/Textures/Crosshair_14.png
  artifactKey: Guid(1d1b964de9e4c50418b4d14cdf24d9ba) Importer(815301076,1909f56bfc062723c751e8b465ee728b)
Start importing Assets/OccaSoftware/Crosshairs/Art/Textures/Crosshair_14.png using Guid(1d1b964de9e4c50418b4d14cdf24d9ba) Importer(815301076,1909f56bfc062723c751e8b465ee728b)  -> (artifact id: '286dffd6b4a761deabe898c8cfa13598') in 0.015914 seconds 
========================================================================
Received Import Request.
  Time since last request: 0.000020 seconds.
  path: Assets/OccaSoftware/Crosshairs/Art/Textures/Crosshair_16.png
  artifactKey: Guid(743aae4b5553cb24eb7caf0bce1a4128) Importer(815301076,1909f56bfc062723c751e8b465ee728b)
Start importing Assets/OccaSoftware/Crosshairs/Art/Textures/Crosshair_16.png using Guid(743aae4b5553cb24eb7caf0bce1a4128) Importer(815301076,1909f56bfc062723c751e8b465ee728b)  -> (artifact id: 'ccfd70b741cfa83cf26f76fea8aee0de') in 0.012727 seconds 
========================================================================
Received Import Request.
  Time since last request: 0.000020 seconds.
  path: Assets/OccaSoftware/Crosshairs/Art/Textures/Crosshair_22.png
  artifactKey: Guid(56f8165bc8b0a98419e06f018a808c4c) Importer(815301076,1909f56bfc062723c751e8b465ee728b)
Start importing Assets/OccaSoftware/Crosshairs/Art/Textures/Crosshair_22.png using Guid(56f8165bc8b0a98419e06f018a808c4c) Importer(815301076,1909f56bfc062723c751e8b465ee728b)  -> (artifact id: 'ea56eede15b93535c9e2af92cf546371') in 0.013133 seconds 
========================================================================
Received Import Request.
  Time since last request: 0.000019 seconds.
  path: Assets/OccaSoftware/Crosshairs/Art/Textures/Crosshair_20.png
  artifactKey: Guid(de29d3e0a2748cb4782a8255c391ff02) Importer(815301076,1909f56bfc062723c751e8b465ee728b)
Start importing Assets/OccaSoftware/Crosshairs/Art/Textures/Crosshair_20.png using Guid(de29d3e0a2748cb4782a8255c391ff02) Importer(815301076,1909f56bfc062723c751e8b465ee728b)  -> (artifact id: '3ea4628f6e7242f0e977873bc1df7f79') in 0.011919 seconds 
========================================================================
Received Import Request.
  Time since last request: 0.000021 seconds.
  path: Assets/OccaSoftware/Crosshairs/Art/Textures/Crosshair_10.png
  artifactKey: Guid(bfb6bd7e8471f5442bd8e524bdda3380) Importer(815301076,1909f56bfc062723c751e8b465ee728b)
Start importing Assets/OccaSoftware/Crosshairs/Art/Textures/Crosshair_10.png using Guid(bfb6bd7e8471f5442bd8e524bdda3380) Importer(815301076,1909f56bfc062723c751e8b465ee728b)  -> (artifact id: '6da157da256d3c138f74c397dd6a2211') in 0.011802 seconds 
========================================================================
Received Import Request.
  Time since last request: 0.000028 seconds.
  path: Assets/OccaSoftware/Crosshairs/Art/Textures/Crosshair_26.png
  artifactKey: Guid(552478a654d2eb8478c30045279d5688) Importer(815301076,1909f56bfc062723c751e8b465ee728b)
Start importing Assets/OccaSoftware/Crosshairs/Art/Textures/Crosshair_26.png using Guid(552478a654d2eb8478c30045279d5688) Importer(815301076,1909f56bfc062723c751e8b465ee728b)  -> (artifact id: 'd5881804089f630bd90b5c0eecdd8c2f') in 0.012167 seconds 
========================================================================
Received Import Request.
  Time since last request: 0.000036 seconds.
  path: Assets/OccaSoftware/Crosshairs/Art/Textures/Crosshair_17.png
  artifactKey: Guid(c186448c466fad9478c38ce9c2f7b71b) Importer(815301076,1909f56bfc062723c751e8b465ee728b)
Start importing Assets/OccaSoftware/Crosshairs/Art/Textures/Crosshair_17.png using Guid(c186448c466fad9478c38ce9c2f7b71b) Importer(815301076,1909f56bfc062723c751e8b465ee728b)  -> (artifact id: 'f7524bc7af8cea98e930f990497d6ad6') in 0.014109 seconds 
========================================================================
Received Import Request.
  Time since last request: 0.000023 seconds.
  path: Assets/OccaSoftware/Crosshairs/Art/Textures/Crosshair_24.png
  artifactKey: Guid(6f6c2d827b5ed454b90a1529cefe9041) Importer(815301076,1909f56bfc062723c751e8b465ee728b)
Start importing Assets/OccaSoftware/Crosshairs/Art/Textures/Crosshair_24.png using Guid(6f6c2d827b5ed454b90a1529cefe9041) Importer(815301076,1909f56bfc062723c751e8b465ee728b)  -> (artifact id: '4f2009db7da840248b5ee39c3f9356f4') in 0.014691 seconds 
========================================================================
Received Import Request.
  Time since last request: 0.000021 seconds.
  path: Assets/OccaSoftware/Crosshairs/Art/Textures/Crosshair_25.png
  artifactKey: Guid(dcd5aae0341bd0642858735fe7fdc429) Importer(815301076,1909f56bfc062723c751e8b465ee728b)
Start importing Assets/OccaSoftware/Crosshairs/Art/Textures/Crosshair_25.png using Guid(dcd5aae0341bd0642858735fe7fdc429) Importer(815301076,1909f56bfc062723c751e8b465ee728b)  -> (artifact id: 'dd461dc86e2f910608b989fa3b24c060') in 0.012547 seconds 
========================================================================
Received Import Request.
  Time since last request: 0.000019 seconds.
  path: Assets/OccaSoftware/Crosshairs/Art/Textures/Crosshair_09.png
  artifactKey: Guid(b26c1b2c24c056a43931e5b20d8d9193) Importer(815301076,1909f56bfc062723c751e8b465ee728b)
Start importing Assets/OccaSoftware/Crosshairs/Art/Textures/Crosshair_09.png using Guid(b26c1b2c24c056a43931e5b20d8d9193) Importer(815301076,1909f56bfc062723c751e8b465ee728b)  -> (artifact id: '0a1642cc82cf1330f00a48e1c14e7688') in 0.013391 seconds 
Editor requested this worker to shutdown with reason: Scaling down because of idle timeout
AssetImportWorker is now disconnected from the server
Process exiting
Exiting without the bug reporter. Application will terminate with return code 0