Using pre-set license
Built from '2021.3/staging' branch; Version is '2021.3.14f1 (eee1884e7226) revision 15655304'; Using compiler version '192829333'; Build Type 'Release'
OS: 'Windows 11  (10.0.22621) 64bit Core' Language: 'tr' Physical Memory: 32492 MB
BatchMode: 1, IsHumanControllingUs: 0, StartBugReporterOnCrash: 0, Is64bit: 1, IsPro: 1

COMMAND LINE ARGUMENTS:
C:\Program Files\Unity 2021.3.14f1\Editor\Unity.exe
-adb2
-batchMode
-noUpm
-name
AssetImportWorker1
-projectPath
C:/Users/Suay/Documents/GitHub/Bomber-Squad-Clone/Bomber Squad Clone
-logFile
Logs/AssetImportWorker1.log
-srvPort
63602
Successfully changed project path to: C:/Users/Suay/Documents/GitHub/Bomber-Squad-Clone/Bomber Squad Clone
C:/Users/Suay/Documents/GitHub/Bomber-Squad-Clone/Bomber Squad Clone
[UnityMemory] Configuration Parameters - Can be set up in boot.config
    "memorysetup-bucket-allocator-granularity=16"
    "memorysetup-bucket-allocator-bucket-count=8"
    "memorysetup-bucket-allocator-block-size=33554432"
    "memorysetup-bucket-allocator-block-count=8"
    "memorysetup-main-allocator-block-size=16777216"
    "memorysetup-thread-allocator-block-size=16777216"
    "memorysetup-gfx-main-allocator-block-size=16777216"
    "memorysetup-gfx-thread-allocator-block-size=16777216"
    "memorysetup-cache-allocator-block-size=4194304"
    "memorysetup-typetree-allocator-block-size=2097152"
    "memorysetup-profiler-bucket-allocator-granularity=16"
    "memorysetup-profiler-bucket-allocator-bucket-count=8"
    "memorysetup-profiler-bucket-allocator-block-size=33554432"
    "memorysetup-profiler-bucket-allocator-block-count=8"
    "memorysetup-profiler-allocator-block-size=16777216"
    "memorysetup-profiler-editor-allocator-block-size=1048576"
    "memorysetup-temp-allocator-size-main=16777216"
    "memorysetup-job-temp-allocator-block-size=2097152"
    "memorysetup-job-temp-allocator-block-size-background=1048576"
    "memorysetup-job-temp-allocator-reduction-small-platforms=262144"
    "memorysetup-temp-allocator-size-background-worker=32768"
    "memorysetup-temp-allocator-size-job-worker=262144"
    "memorysetup-temp-allocator-size-preload-manager=33554432"
    "memorysetup-temp-allocator-size-nav-mesh-worker=65536"
    "memorysetup-temp-allocator-size-audio-worker=65536"
    "memorysetup-temp-allocator-size-cloud-worker=32768"
    "memorysetup-temp-allocator-size-gi-baking-worker=262144"
    "memorysetup-temp-allocator-size-gfx=262144"
Refreshing native plugins compatible for Editor in 51.03 ms, found 3 plugins.
Preloading 0 native plugins for Editor in 0.00 ms.
Initialize engine version: 2021.3.14f1 (eee1884e7226)
[Subsystems] Discovering subsystems at path C:/Program Files/Unity 2021.3.14f1/Editor/Data/Resources/UnitySubsystems
[Subsystems] Discovering subsystems at path C:/Users/Suay/Documents/GitHub/Bomber-Squad-Clone/Bomber Squad Clone/Assets
GfxDevice: creating device client; threaded=0; jobified=0
Direct3D:
    Version:  Direct3D 11.0 [level 11.1]
    Renderer: NVIDIA GeForce RTX 3070 Ti Laptop GPU (ID=0x24e0)
    Vendor:   NVIDIA
    VRAM:     8032 MB
    Driver:   31.0.15.2824
Initialize mono
Mono path[0] = 'C:/Program Files/Unity 2021.3.14f1/Editor/Data/Managed'
Mono path[1] = 'C:/Program Files/Unity 2021.3.14f1/Editor/Data/MonoBleedingEdge/lib/mono/unityjit-win32'
Mono config path = 'C:/Program Files/Unity 2021.3.14f1/Editor/Data/MonoBleedingEdge/etc'
Using monoOptions --debugger-agent=transport=dt_socket,embedding=1,server=y,suspend=n,address=127.0.0.1:56416
Begin MonoManager ReloadAssembly
Registering precompiled unity dll's ...
Register platform support module: C:/Program Files/Unity 2021.3.14f1/Editor/Data/PlaybackEngines/AndroidPlayer/UnityEditor.Android.Extensions.dll
Register platform support module: C:/Program Files/Unity 2021.3.14f1/Editor/Data/PlaybackEngines/WindowsStandaloneSupport/UnityEditor.WindowsStandalone.Extensions.dll
Registered in 0.002144 seconds.
Native extension for WindowsStandalone target not found
Native extension for Android target not found
Refreshing native plugins compatible for Editor in 52.31 ms, found 3 plugins.
Preloading 0 native plugins for Editor in 0.00 ms.
Mono: successfully reloaded assembly
- Completed reload, in  0.444 seconds
Domain Reload Profiling:
	ReloadAssembly (445ms)
		BeginReloadAssembly (48ms)
			ExecutionOrderSort (0ms)
			DisableScriptedObjects (0ms)
			BackupInstance (0ms)
			ReleaseScriptingObjects (0ms)
			CreateAndSetChildDomain (1ms)
		EndReloadAssembly (323ms)
			LoadAssemblies (48ms)
			RebuildTransferFunctionScriptingTraits (0ms)
			SetupTypeCache (76ms)
			ReleaseScriptCaches (0ms)
			RebuildScriptCaches (19ms)
			SetupLoadedEditorAssemblies (192ms)
				LogAssemblyErrors (0ms)
				InitializePlatformSupportModulesInManaged (32ms)
				SetLoadedEditorAssemblies (0ms)
				RefreshPlugins (52ms)
				BeforeProcessingInitializeOnLoad (1ms)
				ProcessInitializeOnLoadAttributes (73ms)
				ProcessInitializeOnLoadMethodAttributes (34ms)
				AfterProcessingInitializeOnLoad (0ms)
				EditorAssembliesLoaded (0ms)
			ExecutionOrderSort2 (0ms)
			AwakeInstancesAfterBackupRestoration (0ms)
Platform modules already initialized, skipping
Registering precompiled user dll's ...
Registered in 0.003713 seconds.
Begin MonoManager ReloadAssembly
Symbol file LoadedFromMemory doesn't match image C:\Users\Suay\Documents\GitHub\Bomber-Squad-Clone\Bomber Squad Clone\Library\PackageCache\com.unity.visualscripting@1.7.8\Editor\VisualScripting.Core\Dependencies\YamlDotNet\Unity.VisualScripting.YamlDotNet.dll
Symbol file LoadedFromMemory doesn't match image C:\Users\Suay\Documents\GitHub\Bomber-Squad-Clone\Bomber Squad Clone\Library\PackageCache\com.unity.visualscripting@1.7.8\Editor\VisualScripting.Core\Dependencies\DotNetZip\Unity.VisualScripting.IonicZip.dll
Native extension for WindowsStandalone target not found
Native extension for Android target not found
Refreshing native plugins compatible for Editor in 0.39 ms, found 3 plugins.
Preloading 0 native plugins for Editor in 0.00 ms.
Mono: successfully reloaded assembly
- Completed reload, in  0.684 seconds
Domain Reload Profiling:
	ReloadAssembly (684ms)
		BeginReloadAssembly (75ms)
			ExecutionOrderSort (0ms)
			DisableScriptedObjects (4ms)
			BackupInstance (0ms)
			ReleaseScriptingObjects (0ms)
			CreateAndSetChildDomain (14ms)
		EndReloadAssembly (530ms)
			LoadAssemblies (59ms)
			RebuildTransferFunctionScriptingTraits (0ms)
			SetupTypeCache (173ms)
			ReleaseScriptCaches (0ms)
			RebuildScriptCaches (33ms)
			SetupLoadedEditorAssemblies (239ms)
				LogAssemblyErrors (0ms)
				InitializePlatformSupportModulesInManaged (9ms)
				SetLoadedEditorAssemblies (0ms)
				RefreshPlugins (0ms)
				BeforeProcessingInitializeOnLoad (55ms)
				ProcessInitializeOnLoadAttributes (152ms)
				ProcessInitializeOnLoadMethodAttributes (17ms)
				AfterProcessingInitializeOnLoad (4ms)
				EditorAssembliesLoaded (0ms)
			ExecutionOrderSort2 (0ms)
			AwakeInstancesAfterBackupRestoration (5ms)
Platform modules already initialized, skipping
========================================================================
Worker process is ready to serve import requests
Launched and connected shader compiler UnityShaderCompiler.exe after 0.04 seconds
Refreshing native plugins compatible for Editor in 0.48 ms, found 3 plugins.
Preloading 0 native plugins for Editor in 0.00 ms.
Unloading 3351 Unused Serialized files (Serialized files now loaded: 0)
Unloading 27 unused Assets / (113.5 KB). Loaded Objects now: 3810.
Memory consumption went from 115.4 MB to 115.2 MB.
Total: 2.413500 ms (FindLiveObjects: 0.191300 ms CreateObjectMapping: 0.080000 ms MarkObjects: 2.055700 ms  DeleteObjects: 0.085800 ms)

AssetImportParameters requested are different than current active one (requested -> active):
  custom:video-decoder-ogg-theora: a1e56fd34408186e4bbccfd4996cb3dc -> 
  custom:container-muxer-webm: aa71ff27fc2769a1b78a27578f13a17b -> 
  custom:container-demuxer-webm: 4f35f7cbe854078d1ac9338744f61a02 -> 
  custom:video-encoder-webm-vp8: eb34c28f22e8b96e1ab97ce403110664 -> 
  custom:video-codec-MediaFoundation-h265: 746d11721c4dcdbdad8f713fa42b33f4 -> 
  custom:audio-encoder-webm-vorbis: bf7c407c2cedff20999df2af8eb42d56 -> 
  custom:framework-win-MediaFoundation: 216162199b28c13a410421893ffa2e32 -> 
  custom:container-demuxer-ogg: 62fdf1f143b41e24485cea50d1cbac27 -> 
  custom:video-decoder-webm-vp8: 9c59270c3fd7afecdb556c50c9e8de78 -> 
  custom:audio-decoder-ogg-vorbis: bf7c407c2cedff20999df2af8eb42d56 -> 
========================================================================
Received Import Request.
  Time since last request: 1805686.837818 seconds.
  path: Assets/Assets
  artifactKey: Guid(9fd663fae2195da4c9db8f88e658fdd8) Importer(815301076,1909f56bfc062723c751e8b465ee728b)
Start importing Assets/Assets using Guid(9fd663fae2195da4c9db8f88e658fdd8) Importer(815301076,1909f56bfc062723c751e8b465ee728b)  -> (artifact id: '8272787ad3b5fdf2ad765f0bc96dcd0f') in 0.011362 seconds 
========================================================================
Received Import Request.
  Time since last request: 320.106487 seconds.
  path: Assets/Asset Files/polyperfect/Low Poly Ultimate Pack/- Materials/atlas-night-LPUP.mat
  artifactKey: Guid(5689e02792912784c815757bab07d5b7) Importer(815301076,1909f56bfc062723c751e8b465ee728b)
Start importing Assets/Asset Files/polyperfect/Low Poly Ultimate Pack/- Materials/atlas-night-LPUP.mat using Guid(5689e02792912784c815757bab07d5b7) Importer(815301076,1909f56bfc062723c751e8b465ee728b)  -> (artifact id: 'fb5ad2658d06ed8dc54151d7a394a4e0') in 0.286286 seconds 
========================================================================
Received Import Request.
  Time since last request: 4.513383 seconds.
  path: Assets/Asset Files/polyperfect/Low Poly Ultimate Pack/- Materials/Colors/2 SKIN-DARK-LPUP.mat
  artifactKey: Guid(7a2d84c5fa819415cad63857c2a30b64) Importer(815301076,1909f56bfc062723c751e8b465ee728b)
Start importing Assets/Asset Files/polyperfect/Low Poly Ultimate Pack/- Materials/Colors/2 SKIN-DARK-LPUP.mat using Guid(7a2d84c5fa819415cad63857c2a30b64) Importer(815301076,1909f56bfc062723c751e8b465ee728b)  -> (artifact id: '628a3fefbcb574977eb87d0cfc9ba62e') in 0.188595 seconds 
========================================================================
Received Import Request.
  Time since last request: 0.000029 seconds.
  path: Assets/Asset Files/polyperfect/Low Poly Ultimate Pack/- Materials/Colors/44 BLUE-LPUP.mat
  artifactKey: Guid(0d337a70f9e175348909eb917056c239) Importer(815301076,1909f56bfc062723c751e8b465ee728b)
Start importing Assets/Asset Files/polyperfect/Low Poly Ultimate Pack/- Materials/Colors/44 BLUE-LPUP.mat using Guid(0d337a70f9e175348909eb917056c239) Importer(815301076,1909f56bfc062723c751e8b465ee728b)  -> (artifact id: '6a2f11422be95bd232f9e1f0da44152f') in 0.010781 seconds 
========================================================================
Received Import Request.
  Time since last request: 0.000036 seconds.
  path: Assets/Asset Files/polyperfect/Low Poly Ultimate Pack/- Materials/Colors/64 GLASS-LPUP.mat
  artifactKey: Guid(ffce2a7e1519d465684f3f97da456fa9) Importer(815301076,1909f56bfc062723c751e8b465ee728b)
Start importing Assets/Asset Files/polyperfect/Low Poly Ultimate Pack/- Materials/Colors/64 GLASS-LPUP.mat using Guid(ffce2a7e1519d465684f3f97da456fa9) Importer(815301076,1909f56bfc062723c751e8b465ee728b)  -> (artifact id: 'e2e80f5d1cd6d888d9c29ca1b8610af8') in 0.014925 seconds 
========================================================================
Received Import Request.
  Time since last request: 0.000022 seconds.
  path: Assets/Asset Files/polyperfect/Low Poly Ultimate Pack/- Materials/Colors/5 SKIN-LIGHT-LPUP.mat
  artifactKey: Guid(284c356f2f17a644380d230a1abff44b) Importer(815301076,1909f56bfc062723c751e8b465ee728b)
Start importing Assets/Asset Files/polyperfect/Low Poly Ultimate Pack/- Materials/Colors/5 SKIN-LIGHT-LPUP.mat using Guid(284c356f2f17a644380d230a1abff44b) Importer(815301076,1909f56bfc062723c751e8b465ee728b)  -> (artifact id: '16f5262bf2ade61fe25d2a29ae0a353f') in 0.013516 seconds 
========================================================================
Received Import Request.
  Time since last request: 0.000035 seconds.
  path: Assets/Asset Files/polyperfect/Low Poly Ultimate Pack/- Materials/Colors/19 GREY-MEDIUM-LPUP.mat
  artifactKey: Guid(64a4684ba67ced04c811f6174e678a22) Importer(815301076,1909f56bfc062723c751e8b465ee728b)
Start importing Assets/Asset Files/polyperfect/Low Poly Ultimate Pack/- Materials/Colors/19 GREY-MEDIUM-LPUP.mat using Guid(64a4684ba67ced04c811f6174e678a22) Importer(815301076,1909f56bfc062723c751e8b465ee728b)  -> (artifact id: '1f96a5ce88dfac4bee36a35948607e38') in 0.011181 seconds 
========================================================================
Received Import Request.
  Time since last request: 0.000033 seconds.
  path: Assets/Asset Files/polyperfect/Low Poly Ultimate Pack/- Materials/Colors/37 GREEN-LIGHT-LPUP.mat
  artifactKey: Guid(d41a8bca790345f49b3ae205465ff2f8) Importer(815301076,1909f56bfc062723c751e8b465ee728b)
Start importing Assets/Asset Files/polyperfect/Low Poly Ultimate Pack/- Materials/Colors/37 GREEN-LIGHT-LPUP.mat using Guid(d41a8bca790345f49b3ae205465ff2f8) Importer(815301076,1909f56bfc062723c751e8b465ee728b)  -> (artifact id: '44f183c10f241c059bf004450f842036') in 0.011622 seconds 
========================================================================
Received Import Request.
  Time since last request: 0.000030 seconds.
  path: Assets/Asset Files/polyperfect/Low Poly Ultimate Pack/- Materials/Colors/34 GREEN-DARK-LPUP.mat
  artifactKey: Guid(2a9bcab9060d28d468fc3c4d93775e7d) Importer(815301076,1909f56bfc062723c751e8b465ee728b)
Start importing Assets/Asset Files/polyperfect/Low Poly Ultimate Pack/- Materials/Colors/34 GREEN-DARK-LPUP.mat using Guid(2a9bcab9060d28d468fc3c4d93775e7d) Importer(815301076,1909f56bfc062723c751e8b465ee728b)  -> (artifact id: '7b0c8b0c336577d7ba802c7a21732469') in 0.017019 seconds 
========================================================================
Received Import Request.
  Time since last request: 0.000026 seconds.
  path: Assets/Asset Files/polyperfect/Low Poly Ultimate Pack/- Materials/Colors/50 PINK-DARK-LPUP.mat
  artifactKey: Guid(be11bb95eeb9f45e2a4ab7d03f51b6a0) Importer(815301076,1909f56bfc062723c751e8b465ee728b)
Start importing Assets/Asset Files/polyperfect/Low Poly Ultimate Pack/- Materials/Colors/50 PINK-DARK-LPUP.mat using Guid(be11bb95eeb9f45e2a4ab7d03f51b6a0) Importer(815301076,1909f56bfc062723c751e8b465ee728b)  -> (artifact id: 'd01f1ea9bfe83f9b848cb337ad2582fa') in 0.011976 seconds 
========================================================================
Received Import Request.
  Time since last request: 0.000031 seconds.
  path: Assets/Asset Files/polyperfect/Low Poly Ultimate Pack/- Materials/Colors/39 GREEN-WHITE-LPUP.mat
  artifactKey: Guid(668dd8403bdfc6347a3f5b1c412defa1) Importer(815301076,1909f56bfc062723c751e8b465ee728b)
Start importing Assets/Asset Files/polyperfect/Low Poly Ultimate Pack/- Materials/Colors/39 GREEN-WHITE-LPUP.mat using Guid(668dd8403bdfc6347a3f5b1c412defa1) Importer(815301076,1909f56bfc062723c751e8b465ee728b)  -> (artifact id: '69aeb36bcf5455fb6be24d3f508a66c1') in 0.014568 seconds 
========================================================================
Received Import Request.
  Time since last request: 0.000030 seconds.
  path: Assets/Asset Files/polyperfect/Low Poly Ultimate Pack/- Materials/Colors/42 BLUE-DARK-LPUP.mat
  artifactKey: Guid(b064f99cf70b44e47a02b3c08c5bafb5) Importer(815301076,1909f56bfc062723c751e8b465ee728b)
Start importing Assets/Asset Files/polyperfect/Low Poly Ultimate Pack/- Materials/Colors/42 BLUE-DARK-LPUP.mat using Guid(b064f99cf70b44e47a02b3c08c5bafb5) Importer(815301076,1909f56bfc062723c751e8b465ee728b)  -> (artifact id: 'c94c58d7a950ef6a5558b8cce73cf4a6') in 0.011637 seconds 
========================================================================
Received Import Request.
  Time since last request: 0.000025 seconds.
  path: Assets/Asset Files/polyperfect/Low Poly Ultimate Pack/- Materials/Colors/11 BROWN-MEDIUM-LPUP.mat
  artifactKey: Guid(0de74cacf6310c64ca1b6862ba4b219c) Importer(815301076,1909f56bfc062723c751e8b465ee728b)
Start importing Assets/Asset Files/polyperfect/Low Poly Ultimate Pack/- Materials/Colors/11 BROWN-MEDIUM-LPUP.mat using Guid(0de74cacf6310c64ca1b6862ba4b219c) Importer(815301076,1909f56bfc062723c751e8b465ee728b)  -> (artifact id: '1201d6dd3e9f300dbeda4f542c1604c3') in 0.046221 seconds 
========================================================================
Received Import Request.
  Time since last request: 0.000022 seconds.
  path: Assets/Asset Files/polyperfect/Low Poly Ultimate Pack/- Materials/Colors/58 WHITE-LPUP.mat
  artifactKey: Guid(11a8c080607cf47c299aff53087e0334) Importer(815301076,1909f56bfc062723c751e8b465ee728b)
Start importing Assets/Asset Files/polyperfect/Low Poly Ultimate Pack/- Materials/Colors/58 WHITE-LPUP.mat using Guid(11a8c080607cf47c299aff53087e0334) Importer(815301076,1909f56bfc062723c751e8b465ee728b)  -> (artifact id: '22a0858970b3a16390c11f82d6cc9fc3') in 0.012529 seconds 
========================================================================
Received Import Request.
  Time since last request: 0.000025 seconds.
  path: Assets/Asset Files/polyperfect/Low Poly Ultimate Pack/- Materials/Colors/20 GREY-LPUP.mat
  artifactKey: Guid(5fe0aebe85b574b4a94e74712f0aa915) Importer(815301076,1909f56bfc062723c751e8b465ee728b)
Start importing Assets/Asset Files/polyperfect/Low Poly Ultimate Pack/- Materials/Colors/20 GREY-LPUP.mat using Guid(5fe0aebe85b574b4a94e74712f0aa915) Importer(815301076,1909f56bfc062723c751e8b465ee728b)  -> (artifact id: '75353ef3a11209449deabc740fda55d1') in 0.016420 seconds 
========================================================================
Received Import Request.
  Time since last request: 0.000040 seconds.
  path: Assets/Asset Files/polyperfect/Low Poly Ultimate Pack/- Materials/Colors/9 BROWN-DARKEST-LPUP.mat
  artifactKey: Guid(3b20fc9e84b968641b7312bdcdd1ffd8) Importer(815301076,1909f56bfc062723c751e8b465ee728b)
Start importing Assets/Asset Files/polyperfect/Low Poly Ultimate Pack/- Materials/Colors/9 BROWN-DARKEST-LPUP.mat using Guid(3b20fc9e84b968641b7312bdcdd1ffd8) Importer(815301076,1909f56bfc062723c751e8b465ee728b)  -> (artifact id: '2cdcc93f77d099af253bddb2da5a78cb') in 0.014778 seconds 
========================================================================
Received Import Request.
  Time since last request: 0.000019 seconds.
  path: Assets/Asset Files/polyperfect/Low Poly Ultimate Pack/- Materials/Colors/57 BLACK-LPUP.mat
  artifactKey: Guid(66c05709e04ed42a3a537ad26aca9cb8) Importer(815301076,1909f56bfc062723c751e8b465ee728b)
Start importing Assets/Asset Files/polyperfect/Low Poly Ultimate Pack/- Materials/Colors/57 BLACK-LPUP.mat using Guid(66c05709e04ed42a3a537ad26aca9cb8) Importer(815301076,1909f56bfc062723c751e8b465ee728b)  -> (artifact id: '3a134285a859b6043ed0246060f4d12b') in 0.011901 seconds 
========================================================================
Received Import Request.
  Time since last request: 0.000027 seconds.
  path: Assets/Asset Files/polyperfect/Low Poly Ultimate Pack/- Materials/Colors/35 GREEN-MEDIUM-LPUP.mat
  artifactKey: Guid(87ff71ffc286b91449d2296928632aed) Importer(815301076,1909f56bfc062723c751e8b465ee728b)
Start importing Assets/Asset Files/polyperfect/Low Poly Ultimate Pack/- Materials/Colors/35 GREEN-MEDIUM-LPUP.mat using Guid(87ff71ffc286b91449d2296928632aed) Importer(815301076,1909f56bfc062723c751e8b465ee728b)  -> (artifact id: 'da0faa65f96e763b993398896be29cec') in 0.013878 seconds 
========================================================================
Received Import Request.
  Time since last request: 0.000028 seconds.
  path: Assets/Asset Files/polyperfect/Low Poly Ultimate Pack/- Materials/Colors/28 ORANGE-LPUP.mat
  artifactKey: Guid(700ae469e5be9ac4095d29b97116027a) Importer(815301076,1909f56bfc062723c751e8b465ee728b)
Start importing Assets/Asset Files/polyperfect/Low Poly Ultimate Pack/- Materials/Colors/28 ORANGE-LPUP.mat using Guid(700ae469e5be9ac4095d29b97116027a) Importer(815301076,1909f56bfc062723c751e8b465ee728b)  -> (artifact id: '4978751f1ec440e0c71297fa86d3700a') in 0.011086 seconds 
========================================================================
Received Import Request.
  Time since last request: 0.000032 seconds.
  path: Assets/Asset Files/polyperfect/Low Poly Ultimate Pack/- Materials/Colors/29 ORANGE-LIGHT-LPUP.mat
  artifactKey: Guid(2768469f7f5282a4282f61dbf62e68e2) Importer(815301076,1909f56bfc062723c751e8b465ee728b)
Start importing Assets/Asset Files/polyperfect/Low Poly Ultimate Pack/- Materials/Colors/29 ORANGE-LIGHT-LPUP.mat using Guid(2768469f7f5282a4282f61dbf62e68e2) Importer(815301076,1909f56bfc062723c751e8b465ee728b)  -> (artifact id: '0b95ddcac3394f3d1aa4a6f2ad19aff0') in 0.012963 seconds 
========================================================================
Received Import Request.
  Time since last request: 0.000026 seconds.
  path: Assets/Asset Files/polyperfect/Low Poly Ultimate Pack/- Materials/Colors/25 RED-DARKEST-LPUP.mat
  artifactKey: Guid(4b6c16c8bf29c9e40bc66796d0674b6e) Importer(815301076,1909f56bfc062723c751e8b465ee728b)
Start importing Assets/Asset Files/polyperfect/Low Poly Ultimate Pack/- Materials/Colors/25 RED-DARKEST-LPUP.mat using Guid(4b6c16c8bf29c9e40bc66796d0674b6e) Importer(815301076,1909f56bfc062723c751e8b465ee728b)  -> (artifact id: '5d6df313b3fb77964cc0f0e7edf8e21e') in 0.012783 seconds 
========================================================================
Received Import Request.
  Time since last request: 0.000027 seconds.
  path: Assets/Asset Files/polyperfect/Low Poly Ultimate Pack/- Materials/Colors/22 GREY-LIGHTEST-LPUP.mat
  artifactKey: Guid(c413883b1f5da43f595f8475353613de) Importer(815301076,1909f56bfc062723c751e8b465ee728b)
Start importing Assets/Asset Files/polyperfect/Low Poly Ultimate Pack/- Materials/Colors/22 GREY-LIGHTEST-LPUP.mat using Guid(c413883b1f5da43f595f8475353613de) Importer(815301076,1909f56bfc062723c751e8b465ee728b)  -> (artifact id: '07d49751934eae78f4b8b6b62bdea216') in 0.012410 seconds 
========================================================================
Received Import Request.
  Time since last request: 0.000029 seconds.
  path: Assets/Asset Files/polyperfect/Low Poly Ultimate Pack/- Materials/Colors/17 GREY-DARKEST-LPUP.mat
  artifactKey: Guid(c48ed0c67054fc24da0ac1cced5a308c) Importer(815301076,1909f56bfc062723c751e8b465ee728b)
Start importing Assets/Asset Files/polyperfect/Low Poly Ultimate Pack/- Materials/Colors/17 GREY-DARKEST-LPUP.mat using Guid(c48ed0c67054fc24da0ac1cced5a308c) Importer(815301076,1909f56bfc062723c751e8b465ee728b)  -> (artifact id: '1f19c232c6f1041334fb26513741c5ed') in 0.012025 seconds 
========================================================================
Received Import Request.
  Time since last request: 0.000028 seconds.
  path: Assets/Asset Files/polyperfect/Low Poly Ultimate Pack/- Materials/Colors/47 BLUE-WHITE-LPUP.mat
  artifactKey: Guid(5f35ae9530edec84085e28d4c3302e29) Importer(815301076,1909f56bfc062723c751e8b465ee728b)
Start importing Assets/Asset Files/polyperfect/Low Poly Ultimate Pack/- Materials/Colors/47 BLUE-WHITE-LPUP.mat using Guid(5f35ae9530edec84085e28d4c3302e29) Importer(815301076,1909f56bfc062723c751e8b465ee728b)  -> (artifact id: '7731045a38fcf634286410248d439889') in 0.012584 seconds 
========================================================================
Received Import Request.
  Time since last request: 0.000048 seconds.
  path: Assets/Asset Files/polyperfect/Low Poly Ultimate Pack/- Materials/Colors/6 SKIN-LIGHTEST-LPUP.mat
  artifactKey: Guid(d8b3608c06351da4f8e09a879c0ddc66) Importer(815301076,1909f56bfc062723c751e8b465ee728b)
Start importing Assets/Asset Files/polyperfect/Low Poly Ultimate Pack/- Materials/Colors/6 SKIN-LIGHTEST-LPUP.mat using Guid(d8b3608c06351da4f8e09a879c0ddc66) Importer(815301076,1909f56bfc062723c751e8b465ee728b)  -> (artifact id: '1da4ad0fbb9054f4290b72bd39467715') in 0.012383 seconds 
========================================================================
Received Import Request.
  Time since last request: 0.000036 seconds.
  path: Assets/Asset Files/polyperfect/Low Poly Ultimate Pack/- Materials/Colors/21 GREY-LIGHT-LPUP.mat
  artifactKey: Guid(31b29cea830e0e24da72018652e5ed31) Importer(815301076,1909f56bfc062723c751e8b465ee728b)
Start importing Assets/Asset Files/polyperfect/Low Poly Ultimate Pack/- Materials/Colors/21 GREY-LIGHT-LPUP.mat using Guid(31b29cea830e0e24da72018652e5ed31) Importer(815301076,1909f56bfc062723c751e8b465ee728b)  -> (artifact id: 'd7e66cc5e10b7ce9ed6630ebd99ebdca') in 0.010871 seconds 
========================================================================
Received Import Request.
  Time since last request: 0.000037 seconds.
  path: Assets/Asset Files/polyperfect/Low Poly Ultimate Pack/- Materials/Colors/27 RED-LPUP.mat
  artifactKey: Guid(1d41f8c57e738e44f9f12fc053be388c) Importer(815301076,1909f56bfc062723c751e8b465ee728b)
Start importing Assets/Asset Files/polyperfect/Low Poly Ultimate Pack/- Materials/Colors/27 RED-LPUP.mat using Guid(1d41f8c57e738e44f9f12fc053be388c) Importer(815301076,1909f56bfc062723c751e8b465ee728b)  -> (artifact id: '799fc444b41b8715ca93b3d38bc447db') in 0.011048 seconds 
========================================================================
Received Import Request.
  Time since last request: 0.000198 seconds.
  path: Assets/Asset Files/polyperfect/Low Poly Ultimate Pack/- Materials/Colors/51 PINK-MEDIUM-LPUP.mat
  artifactKey: Guid(52410f6a55176644687c0eddd00feddb) Importer(815301076,1909f56bfc062723c751e8b465ee728b)
Start importing Assets/Asset Files/polyperfect/Low Poly Ultimate Pack/- Materials/Colors/51 PINK-MEDIUM-LPUP.mat using Guid(52410f6a55176644687c0eddd00feddb) Importer(815301076,1909f56bfc062723c751e8b465ee728b)  -> (artifact id: '0520d0501e0dffd40e37aea3730c9489') in 0.013407 seconds 
========================================================================
Received Import Request.
  Time since last request: 0.000031 seconds.
  path: Assets/Asset Files/polyperfect/Low Poly Ultimate Pack/- Materials/Colors/33 GREEN-DARKEST-LPUP.mat
  artifactKey: Guid(12ca79d1906ac624994fa91e85880fb8) Importer(815301076,1909f56bfc062723c751e8b465ee728b)
Start importing Assets/Asset Files/polyperfect/Low Poly Ultimate Pack/- Materials/Colors/33 GREEN-DARKEST-LPUP.mat using Guid(12ca79d1906ac624994fa91e85880fb8) Importer(815301076,1909f56bfc062723c751e8b465ee728b)  -> (artifact id: 'bcc85aa592dd93fa3ad74463b850b320') in 0.010596 seconds 
========================================================================
Received Import Request.
  Time since last request: 20.890245 seconds.
  path: Assets/Asset Files/polyperfect/Low Poly Ultimate Pack/- Materials/Colors/Transparent/RAYS-LPUP.mat
  artifactKey: Guid(b123fed9f08fd4e88b2a8abae23d34e9) Importer(815301076,1909f56bfc062723c751e8b465ee728b)
Start importing Assets/Asset Files/polyperfect/Low Poly Ultimate Pack/- Materials/Colors/Transparent/RAYS-LPUP.mat using Guid(b123fed9f08fd4e88b2a8abae23d34e9) Importer(815301076,1909f56bfc062723c751e8b465ee728b)  -> (artifact id: '525d47d2f1ffea140bd0ee93fa7432a6') in 0.186592 seconds 
========================================================================
Received Import Request.
  Time since last request: 3.859593 seconds.
  path: Assets/Asset Files/polyperfect/Low Poly Ultimate Pack/- Textures/atlas-gradient-LPUP.png
  artifactKey: Guid(bd9d0343175ea445eae5d3ffa327072e) Importer(815301076,1909f56bfc062723c751e8b465ee728b)
Start importing Assets/Asset Files/polyperfect/Low Poly Ultimate Pack/- Textures/atlas-gradient-LPUP.png using Guid(bd9d0343175ea445eae5d3ffa327072e) Importer(815301076,1909f56bfc062723c751e8b465ee728b)  -> (artifact id: 'c46c6855b858d5473c35d8401da37dca') in 0.062163 seconds 
========================================================================
Received Import Request.
  Time since last request: 0.000027 seconds.
  path: Assets/Asset Files/polyperfect/Low Poly Ultimate Pack/- Textures/grass-texture-long-LPUP.png
  artifactKey: Guid(f5ef23c6d74e24f178d1b69eb0a174fe) Importer(815301076,1909f56bfc062723c751e8b465ee728b)
Start importing Assets/Asset Files/polyperfect/Low Poly Ultimate Pack/- Textures/grass-texture-long-LPUP.png using Guid(f5ef23c6d74e24f178d1b69eb0a174fe) Importer(815301076,1909f56bfc062723c751e8b465ee728b)  -> (artifact id: 'af130078766026d62285739cbdaeb49e') in 0.012875 seconds 
========================================================================
Received Import Request.
  Time since last request: 17.072998 seconds.
  path: Assets/Asset Files/polyperfect/Low Poly Ultimate Pack/T/- Prefabs_T/Apocalypse_T/barricade-window.prefab
  artifactKey: Guid(db962abe20ec445e785ad905b847485c) Importer(815301076,1909f56bfc062723c751e8b465ee728b)
Start importing Assets/Asset Files/polyperfect/Low Poly Ultimate Pack/T/- Prefabs_T/Apocalypse_T/barricade-window.prefab using Guid(db962abe20ec445e785ad905b847485c) Importer(815301076,1909f56bfc062723c751e8b465ee728b)  -> (artifact id: '9be98674238444432481dda0751a0e39') in 0.037248 seconds 
========================================================================
Received Import Request.
  Time since last request: 0.000032 seconds.
  path: Assets/Asset Files/polyperfect/Low Poly Ultimate Pack/T/- Prefabs_T/Apocalypse_T/body-bag.prefab
  artifactKey: Guid(16d29c0444cf248e5b1f221934f88f56) Importer(815301076,1909f56bfc062723c751e8b465ee728b)
Start importing Assets/Asset Files/polyperfect/Low Poly Ultimate Pack/T/- Prefabs_T/Apocalypse_T/body-bag.prefab using Guid(16d29c0444cf248e5b1f221934f88f56) Importer(815301076,1909f56bfc062723c751e8b465ee728b)  -> (artifact id: '115270f764ee0745688ca7bc8937f1ae') in 0.029593 seconds 
========================================================================
Received Import Request.
  Time since last request: 0.000027 seconds.
  path: Assets/Asset Files/polyperfect/Low Poly Ultimate Pack/T/- Prefabs_T/Apocalypse_T/tires.prefab
  artifactKey: Guid(8f9a34605c4694db2869368bd696e473) Importer(815301076,1909f56bfc062723c751e8b465ee728b)
Start importing Assets/Asset Files/polyperfect/Low Poly Ultimate Pack/T/- Prefabs_T/Apocalypse_T/tires.prefab using Guid(8f9a34605c4694db2869368bd696e473) Importer(815301076,1909f56bfc062723c751e8b465ee728b)  -> (artifact id: 'd2ace265805d3215dcdd1892bc8ab22e') in 0.026585 seconds 
========================================================================
Received Import Request.
  Time since last request: 0.000032 seconds.
  path: Assets/Asset Files/polyperfect/Low Poly Ultimate Pack/T/- Prefabs_T/Apocalypse_T/fence-wire.prefab
  artifactKey: Guid(56a61eccef3f74472bf1d8bd75cc4669) Importer(815301076,1909f56bfc062723c751e8b465ee728b)
Start importing Assets/Asset Files/polyperfect/Low Poly Ultimate Pack/T/- Prefabs_T/Apocalypse_T/fence-wire.prefab using Guid(56a61eccef3f74472bf1d8bd75cc4669) Importer(815301076,1909f56bfc062723c751e8b465ee728b)  -> (artifact id: '3d0c97780b3c13d4a6543e9614511249') in 0.030266 seconds 
========================================================================
Received Import Request.
  Time since last request: 0.000033 seconds.
  path: Assets/Asset Files/polyperfect/Low Poly Ultimate Pack/T/- Prefabs_T/Apocalypse_T/stretcher.prefab
  artifactKey: Guid(6789af7b60a8645deb751beb6f0f34ce) Importer(815301076,1909f56bfc062723c751e8b465ee728b)
Start importing Assets/Asset Files/polyperfect/Low Poly Ultimate Pack/T/- Prefabs_T/Apocalypse_T/stretcher.prefab using Guid(6789af7b60a8645deb751beb6f0f34ce) Importer(815301076,1909f56bfc062723c751e8b465ee728b)  -> (artifact id: '2e372f36ad4e1fc44c42afac0f0648e8') in 0.020190 seconds 
========================================================================
Received Prepare
Registering precompiled user dll's ...
Registered in 0.003347 seconds.
Begin MonoManager ReloadAssembly
Symbol file LoadedFromMemory doesn't match image C:\Users\Suay\Documents\GitHub\Bomber-Squad-Clone\Bomber Squad Clone\Library\PackageCache\com.unity.visualscripting@1.7.8\Editor\VisualScripting.Core\Dependencies\YamlDotNet\Unity.VisualScripting.YamlDotNet.dll
Symbol file LoadedFromMemory doesn't match image C:\Users\Suay\Documents\GitHub\Bomber-Squad-Clone\Bomber Squad Clone\Library\PackageCache\com.unity.visualscripting@1.7.8\Editor\VisualScripting.Core\Dependencies\DotNetZip\Unity.VisualScripting.IonicZip.dll
Native extension for WindowsStandalone target not found
Native extension for Android target not found
Refreshing native plugins compatible for Editor in 1.42 ms, found 3 plugins.
Preloading 0 native plugins for Editor in 0.00 ms.
Mono: successfully reloaded assembly
- Completed reload, in  0.751 seconds
Domain Reload Profiling:
	ReloadAssembly (751ms)
		BeginReloadAssembly (105ms)
			ExecutionOrderSort (0ms)
			DisableScriptedObjects (3ms)
			BackupInstance (0ms)
			ReleaseScriptingObjects (0ms)
			CreateAndSetChildDomain (30ms)
		EndReloadAssembly (578ms)
			LoadAssemblies (64ms)
			RebuildTransferFunctionScriptingTraits (0ms)
			SetupTypeCache (189ms)
			ReleaseScriptCaches (1ms)
			RebuildScriptCaches (29ms)
			SetupLoadedEditorAssemblies (255ms)
				LogAssemblyErrors (0ms)
				InitializePlatformSupportModulesInManaged (19ms)
				SetLoadedEditorAssemblies (1ms)
				RefreshPlugins (2ms)
				BeforeProcessingInitializeOnLoad (52ms)
				ProcessInitializeOnLoadAttributes (158ms)
				ProcessInitializeOnLoadMethodAttributes (19ms)
				AfterProcessingInitializeOnLoad (5ms)
				EditorAssembliesLoaded (0ms)
			ExecutionOrderSort2 (0ms)
			AwakeInstancesAfterBackupRestoration (6ms)
Platform modules already initialized, skipping
Refreshing native plugins compatible for Editor in 1.88 ms, found 3 plugins.
Preloading 0 native plugins for Editor in 0.00 ms.
Unloading 3347 Unused Serialized files (Serialized files now loaded: 0)
Unloading 20 unused Assets / (79.9 KB). Loaded Objects now: 3858.
Memory consumption went from 126.4 MB to 126.3 MB.
Total: 2.832200 ms (FindLiveObjects: 0.175900 ms CreateObjectMapping: 0.080400 ms MarkObjects: 2.506500 ms  DeleteObjects: 0.068300 ms)

AssetImportParameters requested are different than current active one (requested -> active):
  custom:video-decoder-ogg-theora: a1e56fd34408186e4bbccfd4996cb3dc -> 
  custom:container-muxer-webm: aa71ff27fc2769a1b78a27578f13a17b -> 
  custom:container-demuxer-webm: 4f35f7cbe854078d1ac9338744f61a02 -> 
  custom:video-encoder-webm-vp8: eb34c28f22e8b96e1ab97ce403110664 -> 
  custom:video-codec-MediaFoundation-h265: 746d11721c4dcdbdad8f713fa42b33f4 -> 
  custom:audio-encoder-webm-vorbis: bf7c407c2cedff20999df2af8eb42d56 -> 
  custom:framework-win-MediaFoundation: 216162199b28c13a410421893ffa2e32 -> 
  custom:container-demuxer-ogg: 62fdf1f143b41e24485cea50d1cbac27 -> 
  custom:video-decoder-webm-vp8: 9c59270c3fd7afecdb556c50c9e8de78 -> 
  custom:audio-decoder-ogg-vorbis: bf7c407c2cedff20999df2af8eb42d56 -> 
========================================================================
Received Import Request.
  Time since last request: 302.037881 seconds.
  path: Assets/Asset Files/polyperfect/Low Poly Ultimate Pack/M/- Prefabs_M/WW2_M/barricade-tank.prefab
  artifactKey: Guid(7bf95f950275743c3b2f4ea6c2098094) Importer(815301076,1909f56bfc062723c751e8b465ee728b)
Start importing Assets/Asset Files/polyperfect/Low Poly Ultimate Pack/M/- Prefabs_M/WW2_M/barricade-tank.prefab using Guid(7bf95f950275743c3b2f4ea6c2098094) Importer(815301076,1909f56bfc062723c751e8b465ee728b)  -> (artifact id: 'bd7e6ce34d974cb991f59e6bfa3da0a2') in 0.078854 seconds 
========================================================================
Received Import Request.
  Time since last request: 0.000031 seconds.
  path: Assets/Asset Files/polyperfect/Low Poly Ultimate Pack/M/- Prefabs_M/WW2_M/sandbag.prefab
  artifactKey: Guid(0f038397fb5d54037a3daa81a94886db) Importer(815301076,1909f56bfc062723c751e8b465ee728b)
Start importing Assets/Asset Files/polyperfect/Low Poly Ultimate Pack/M/- Prefabs_M/WW2_M/sandbag.prefab using Guid(0f038397fb5d54037a3daa81a94886db) Importer(815301076,1909f56bfc062723c751e8b465ee728b)  -> (artifact id: '01832ffbb6340ff268c049bb7f577618') in 0.014615 seconds 
========================================================================
Received Import Request.
  Time since last request: 0.000051 seconds.
  path: Assets/Asset Files/polyperfect/Low Poly Ultimate Pack/M/- Prefabs_M/WW2_M/Jeep-willys.prefab
  artifactKey: Guid(47b827b77dfa74b39bfe4b9267a976b6) Importer(815301076,1909f56bfc062723c751e8b465ee728b)
Start importing Assets/Asset Files/polyperfect/Low Poly Ultimate Pack/M/- Prefabs_M/WW2_M/Jeep-willys.prefab using Guid(47b827b77dfa74b39bfe4b9267a976b6) Importer(815301076,1909f56bfc062723c751e8b465ee728b)  -> (artifact id: 'e355d0ad9f492128d4389749dfa6eb7c') in 0.193664 seconds 
========================================================================
Received Import Request.
  Time since last request: 0.000020 seconds.
  path: Assets/Asset Files/polyperfect/Low Poly Ultimate Pack/M/- Prefabs_M/WW2_M/sandbags-straight.prefab
  artifactKey: Guid(5ab9946b4c4634e038a66a99b3035f0c) Importer(815301076,1909f56bfc062723c751e8b465ee728b)
Start importing Assets/Asset Files/polyperfect/Low Poly Ultimate Pack/M/- Prefabs_M/WW2_M/sandbags-straight.prefab using Guid(5ab9946b4c4634e038a66a99b3035f0c) Importer(815301076,1909f56bfc062723c751e8b465ee728b)  -> (artifact id: 'fe0bc43121b861feac744c08d6ac05ea') in 0.016706 seconds 
========================================================================
Received Import Request.
  Time since last request: 5.600505 seconds.
  path: Assets/Asset Files/polyperfect/Low Poly Ultimate Pack/M/- Prefabs_M/Racing_M/barrier-traffic.prefab
  artifactKey: Guid(4923eb067f5c5644595ffc7fee6ceb1d) Importer(815301076,1909f56bfc062723c751e8b465ee728b)
Start importing Assets/Asset Files/polyperfect/Low Poly Ultimate Pack/M/- Prefabs_M/Racing_M/barrier-traffic.prefab using Guid(4923eb067f5c5644595ffc7fee6ceb1d) Importer(815301076,1909f56bfc062723c751e8b465ee728b)  -> (artifact id: '8b80e5e96ff052d190aa4bfe8c297305') in 0.013186 seconds 
========================================================================
Received Import Request.
  Time since last request: 0.000019 seconds.
  path: Assets/Asset Files/polyperfect/Low Poly Ultimate Pack/M/- Prefabs_M/Racing_M/tribune-streight.prefab
  artifactKey: Guid(aa718027d231c1b49bf65ddb5a3fa428) Importer(815301076,1909f56bfc062723c751e8b465ee728b)
Start importing Assets/Asset Files/polyperfect/Low Poly Ultimate Pack/M/- Prefabs_M/Racing_M/tribune-streight.prefab using Guid(aa718027d231c1b49bf65ddb5a3fa428) Importer(815301076,1909f56bfc062723c751e8b465ee728b)  -> (artifact id: 'f865512aa70a8fde2ed538de93417dc5') in 0.016582 seconds 
========================================================================
Received Import Request.
  Time since last request: 0.000022 seconds.
  path: Assets/Asset Files/polyperfect/Low Poly Ultimate Pack/M/- Prefabs_M/Racing_M/tribune-streight-double.prefab
  artifactKey: Guid(3ad1df9869996a74fa2e4e597327ee3a) Importer(815301076,1909f56bfc062723c751e8b465ee728b)
Start importing Assets/Asset Files/polyperfect/Low Poly Ultimate Pack/M/- Prefabs_M/Racing_M/tribune-streight-double.prefab using Guid(3ad1df9869996a74fa2e4e597327ee3a) Importer(815301076,1909f56bfc062723c751e8b465ee728b)  -> (artifact id: '7c032e0b5f7bb3d8d077b25aba60419e') in 0.021020 seconds 
========================================================================
Received Import Request.
  Time since last request: 0.000046 seconds.
  path: Assets/Asset Files/polyperfect/Low Poly Ultimate Pack/M/- Prefabs_M/Racing_M/tribune-curve.prefab
  artifactKey: Guid(6403e2e34576d4d40a2ea4f57680cc5a) Importer(815301076,1909f56bfc062723c751e8b465ee728b)
Start importing Assets/Asset Files/polyperfect/Low Poly Ultimate Pack/M/- Prefabs_M/Racing_M/tribune-curve.prefab using Guid(6403e2e34576d4d40a2ea4f57680cc5a) Importer(815301076,1909f56bfc062723c751e8b465ee728b)  -> (artifact id: '06b5b5cd487ab6a412ef696da2579507') in 0.020319 seconds 
========================================================================
Received Import Request.
  Time since last request: 34.333247 seconds.
  path: Assets/Asset Files/polyperfect/Low Poly Ultimate Pack/M/- Prefabs_M/Resources_M/bolts.prefab
  artifactKey: Guid(df0d057280242a844aada2768d377f23) Importer(815301076,1909f56bfc062723c751e8b465ee728b)
Start importing Assets/Asset Files/polyperfect/Low Poly Ultimate Pack/M/- Prefabs_M/Resources_M/bolts.prefab using Guid(df0d057280242a844aada2768d377f23) Importer(815301076,1909f56bfc062723c751e8b465ee728b)  -> (artifact id: '296695eac0b16a53540e678773fc2631') in 0.013269 seconds 
========================================================================
Received Import Request.
  Time since last request: 0.000020 seconds.
  path: Assets/Asset Files/polyperfect/Low Poly Ultimate Pack/M/- Prefabs_M/Resources_M/epoxi-resin.prefab
  artifactKey: Guid(6122426cf17e8474d80a287faf3f7903) Importer(815301076,1909f56bfc062723c751e8b465ee728b)
Start importing Assets/Asset Files/polyperfect/Low Poly Ultimate Pack/M/- Prefabs_M/Resources_M/epoxi-resin.prefab using Guid(6122426cf17e8474d80a287faf3f7903) Importer(815301076,1909f56bfc062723c751e8b465ee728b)  -> (artifact id: 'a871160ea6232b6c082d322dacab883d') in 0.255328 seconds 
========================================================================
Received Import Request.
  Time since last request: 11.784633 seconds.
  path: Assets/Asset Files/polyperfect/Low Poly Ultimate Pack/M/- Prefabs_M/Food_M/apple.prefab
  artifactKey: Guid(5f3499b7ccca7438db0396f05573acae) Importer(815301076,1909f56bfc062723c751e8b465ee728b)
Start importing Assets/Asset Files/polyperfect/Low Poly Ultimate Pack/M/- Prefabs_M/Food_M/apple.prefab using Guid(5f3499b7ccca7438db0396f05573acae) Importer(815301076,1909f56bfc062723c751e8b465ee728b)  -> (artifact id: '126dc7a887f11ed482442d7fe7460c67') in 0.015879 seconds 
========================================================================
Received Import Request.
  Time since last request: 0.000028 seconds.
  path: Assets/Asset Files/polyperfect/Low Poly Ultimate Pack/M/- Prefabs_M/Food_M/cheese-circle.prefab
  artifactKey: Guid(b590833fe8b3dd14cb019cef02a8d97f) Importer(815301076,1909f56bfc062723c751e8b465ee728b)
Start importing Assets/Asset Files/polyperfect/Low Poly Ultimate Pack/M/- Prefabs_M/Food_M/cheese-circle.prefab using Guid(b590833fe8b3dd14cb019cef02a8d97f) Importer(815301076,1909f56bfc062723c751e8b465ee728b)  -> (artifact id: '3f504063e68d70c6d67a8cddca0a8a13') in 0.018583 seconds 
========================================================================
Received Import Request.
  Time since last request: 0.000020 seconds.
  path: Assets/Asset Files/polyperfect/Low Poly Ultimate Pack/M/- Prefabs_M/Food_M/egg-open.prefab
  artifactKey: Guid(e1efa37224f13c64f851114d9e9cfcec) Importer(815301076,1909f56bfc062723c751e8b465ee728b)
Start importing Assets/Asset Files/polyperfect/Low Poly Ultimate Pack/M/- Prefabs_M/Food_M/egg-open.prefab using Guid(e1efa37224f13c64f851114d9e9cfcec) Importer(815301076,1909f56bfc062723c751e8b465ee728b)  -> (artifact id: 'c24ea10501e9df04c11b33d5aac12af8') in 0.018213 seconds 
========================================================================
Received Import Request.
  Time since last request: 0.000026 seconds.
  path: Assets/Asset Files/polyperfect/Low Poly Ultimate Pack/M/- Prefabs_M/Food_M/milk-box.prefab
  artifactKey: Guid(6587ef9dc25984005991caab8322bf50) Importer(815301076,1909f56bfc062723c751e8b465ee728b)
Start importing Assets/Asset Files/polyperfect/Low Poly Ultimate Pack/M/- Prefabs_M/Food_M/milk-box.prefab using Guid(6587ef9dc25984005991caab8322bf50) Importer(815301076,1909f56bfc062723c751e8b465ee728b)  -> (artifact id: '24a55ccdd62fdbad8072a67f2d8ddda7') in 0.013597 seconds 
========================================================================
Received Import Request.
  Time since last request: 0.000020 seconds.
  path: Assets/Asset Files/polyperfect/Low Poly Ultimate Pack/M/- Prefabs_M/Food_M/flour-pack.prefab
  artifactKey: Guid(110ab5edefa564b29b3b6af5bfab0964) Importer(815301076,1909f56bfc062723c751e8b465ee728b)
Start importing Assets/Asset Files/polyperfect/Low Poly Ultimate Pack/M/- Prefabs_M/Food_M/flour-pack.prefab using Guid(110ab5edefa564b29b3b6af5bfab0964) Importer(815301076,1909f56bfc062723c751e8b465ee728b)  -> (artifact id: 'd4bde4990e34576576cbfe5f898f9770') in 0.020253 seconds 
========================================================================
Received Import Request.
  Time since last request: 0.000026 seconds.
  path: Assets/Asset Files/polyperfect/Low Poly Ultimate Pack/M/- Prefabs_M/Food_M/pineapple.prefab
  artifactKey: Guid(c160feac211ed464f8eb95a523999355) Importer(815301076,1909f56bfc062723c751e8b465ee728b)
Start importing Assets/Asset Files/polyperfect/Low Poly Ultimate Pack/M/- Prefabs_M/Food_M/pineapple.prefab using Guid(c160feac211ed464f8eb95a523999355) Importer(815301076,1909f56bfc062723c751e8b465ee728b)  -> (artifact id: '3011eca5818cd73637b2453aca871a52') in 0.021126 seconds 
========================================================================
Received Import Request.
  Time since last request: 0.000017 seconds.
  path: Assets/Asset Files/polyperfect/Low Poly Ultimate Pack/M/- Prefabs_M/Food_M/pizza-mozzarella-slice.prefab
  artifactKey: Guid(9a33cf4e45bbf4d7a876bb8606c3ada2) Importer(815301076,1909f56bfc062723c751e8b465ee728b)
Start importing Assets/Asset Files/polyperfect/Low Poly Ultimate Pack/M/- Prefabs_M/Food_M/pizza-mozzarella-slice.prefab using Guid(9a33cf4e45bbf4d7a876bb8606c3ada2) Importer(815301076,1909f56bfc062723c751e8b465ee728b)  -> (artifact id: '09d7b751e706cd9e2181ef75de75d3d2') in 0.020907 seconds 
========================================================================
Received Import Request.
  Time since last request: 0.000020 seconds.
  path: Assets/Asset Files/polyperfect/Low Poly Ultimate Pack/M/- Prefabs_M/Food_M/container-take-empty.prefab
  artifactKey: Guid(d85776e11b3ecd944bb3cd039b5252e7) Importer(815301076,1909f56bfc062723c751e8b465ee728b)
Start importing Assets/Asset Files/polyperfect/Low Poly Ultimate Pack/M/- Prefabs_M/Food_M/container-take-empty.prefab using Guid(d85776e11b3ecd944bb3cd039b5252e7) Importer(815301076,1909f56bfc062723c751e8b465ee728b)  -> (artifact id: '4ffec8a208c19de62131474e4210eb90') in 0.015807 seconds 
========================================================================
Received Import Request.
  Time since last request: 0.000022 seconds.
  path: Assets/Asset Files/polyperfect/Low Poly Ultimate Pack/M/- Prefabs_M/Food_M/glass-drink.prefab
  artifactKey: Guid(a56dc3ca1f77a41d68ea30dc135f737a) Importer(815301076,1909f56bfc062723c751e8b465ee728b)
Start importing Assets/Asset Files/polyperfect/Low Poly Ultimate Pack/M/- Prefabs_M/Food_M/glass-drink.prefab using Guid(a56dc3ca1f77a41d68ea30dc135f737a) Importer(815301076,1909f56bfc062723c751e8b465ee728b)  -> (artifact id: '32c486136e741ca9859e02abfddf0db7') in 0.015191 seconds 
========================================================================
Received Import Request.
  Time since last request: 0.000019 seconds.
  path: Assets/Asset Files/polyperfect/Low Poly Ultimate Pack/M/- Prefabs_M/Food_M/fish-bone.prefab
  artifactKey: Guid(1b8bd4e84009ddc41b40b209bd47ee92) Importer(815301076,1909f56bfc062723c751e8b465ee728b)
Start importing Assets/Asset Files/polyperfect/Low Poly Ultimate Pack/M/- Prefabs_M/Food_M/fish-bone.prefab using Guid(1b8bd4e84009ddc41b40b209bd47ee92) Importer(815301076,1909f56bfc062723c751e8b465ee728b)  -> (artifact id: 'c3173ca5bed1bdc45df9c9be9b679c42') in 0.016903 seconds 
========================================================================
Received Import Request.
  Time since last request: 1.886877 seconds.
  path: Assets/Asset Files/polyperfect/Low Poly Ultimate Pack/M/- Prefabs_M/Furniture_M/bed-large.prefab
  artifactKey: Guid(457f43049987b482aa138e1399a36027) Importer(815301076,1909f56bfc062723c751e8b465ee728b)
Start importing Assets/Asset Files/polyperfect/Low Poly Ultimate Pack/M/- Prefabs_M/Furniture_M/bed-large.prefab using Guid(457f43049987b482aa138e1399a36027) Importer(815301076,1909f56bfc062723c751e8b465ee728b)  -> (artifact id: 'b7a5141d3b0db7df2bfe306c92e8feb9') in 0.017344 seconds 
========================================================================
Received Import Request.
  Time since last request: 0.000030 seconds.
  path: Assets/Asset Files/polyperfect/Low Poly Ultimate Pack/M/- Prefabs_M/Furniture_M/lamp.prefab
  artifactKey: Guid(483010dfc760f4a3fb7e7ac0ebec5dfb) Importer(815301076,1909f56bfc062723c751e8b465ee728b)
Start importing Assets/Asset Files/polyperfect/Low Poly Ultimate Pack/M/- Prefabs_M/Furniture_M/lamp.prefab using Guid(483010dfc760f4a3fb7e7ac0ebec5dfb) Importer(815301076,1909f56bfc062723c751e8b465ee728b)  -> (artifact id: '55844078d48af71325507045fb8106fc') in 0.020282 seconds 
========================================================================
Received Import Request.
  Time since last request: 0.000023 seconds.
  path: Assets/Asset Files/polyperfect/Low Poly Ultimate Pack/M/- Prefabs_M/Furniture_M/table-dining.prefab
  artifactKey: Guid(34aa3fc438758473c9e3d9ad570cf23f) Importer(815301076,1909f56bfc062723c751e8b465ee728b)
Start importing Assets/Asset Files/polyperfect/Low Poly Ultimate Pack/M/- Prefabs_M/Furniture_M/table-dining.prefab using Guid(34aa3fc438758473c9e3d9ad570cf23f) Importer(815301076,1909f56bfc062723c751e8b465ee728b)  -> (artifact id: 'fad13c90a7ab659b1650924e0e339de5') in 0.015716 seconds 
========================================================================
Received Import Request.
  Time since last request: 0.000022 seconds.
  path: Assets/Asset Files/polyperfect/Low Poly Ultimate Pack/M/- Prefabs_M/Furniture_M/mirror.prefab
  artifactKey: Guid(02890c8c230d043b8976db61760e4e59) Importer(815301076,1909f56bfc062723c751e8b465ee728b)
Start importing Assets/Asset Files/polyperfect/Low Poly Ultimate Pack/M/- Prefabs_M/Furniture_M/mirror.prefab using Guid(02890c8c230d043b8976db61760e4e59) Importer(815301076,1909f56bfc062723c751e8b465ee728b)  -> (artifact id: '47762dc062d3cc1092c11e60fd0d3418') in 0.013960 seconds 
========================================================================
Received Import Request.
  Time since last request: 2.617339 seconds.
  path: Assets/Asset Files/polyperfect/Low Poly Ultimate Pack/M/- Prefabs_M/Props_M/bench-forest.prefab
  artifactKey: Guid(2ef4f9ff99d6a7445bc7d99e2501ef05) Importer(815301076,1909f56bfc062723c751e8b465ee728b)
Start importing Assets/Asset Files/polyperfect/Low Poly Ultimate Pack/M/- Prefabs_M/Props_M/bench-forest.prefab using Guid(2ef4f9ff99d6a7445bc7d99e2501ef05) Importer(815301076,1909f56bfc062723c751e8b465ee728b)  -> (artifact id: 'e34863184b7f4d0351b4ea069587efa1') in 0.015000 seconds 
========================================================================
Received Import Request.
  Time since last request: 0.000028 seconds.
  path: Assets/Asset Files/polyperfect/Low Poly Ultimate Pack/M/- Prefabs_M/Props_M/package-box-crashed.prefab
  artifactKey: Guid(ac43d0181d425284785c1498f4b398a9) Importer(815301076,1909f56bfc062723c751e8b465ee728b)
Start importing Assets/Asset Files/polyperfect/Low Poly Ultimate Pack/M/- Prefabs_M/Props_M/package-box-crashed.prefab using Guid(ac43d0181d425284785c1498f4b398a9) Importer(815301076,1909f56bfc062723c751e8b465ee728b)  -> (artifact id: '9b0ab497b8a859b97ca6e28fc814e340') in 0.027013 seconds 
========================================================================
Received Import Request.
  Time since last request: 0.000023 seconds.
  path: Assets/Asset Files/polyperfect/Low Poly Ultimate Pack/M/- Prefabs_M/Props_M/flag-big.prefab
  artifactKey: Guid(0c97a3e3c2d9043a6b0efcc564af127a) Importer(815301076,1909f56bfc062723c751e8b465ee728b)
Start importing Assets/Asset Files/polyperfect/Low Poly Ultimate Pack/M/- Prefabs_M/Props_M/flag-big.prefab using Guid(0c97a3e3c2d9043a6b0efcc564af127a) Importer(815301076,1909f56bfc062723c751e8b465ee728b)  -> (artifact id: '705786305a4a4f32805853e1f797c07b') in 0.014460 seconds 
========================================================================
Received Import Request.
  Time since last request: 0.000022 seconds.
  path: Assets/Asset Files/polyperfect/Low Poly Ultimate Pack/M/- Prefabs_M/Props_M/heart.prefab
  artifactKey: Guid(8737ed222298a474191b5b5de067bf10) Importer(815301076,1909f56bfc062723c751e8b465ee728b)
Start importing Assets/Asset Files/polyperfect/Low Poly Ultimate Pack/M/- Prefabs_M/Props_M/heart.prefab using Guid(8737ed222298a474191b5b5de067bf10) Importer(815301076,1909f56bfc062723c751e8b465ee728b)  -> (artifact id: 'b59414199dccc91036e1dc7bb1c8deba') in 0.011487 seconds 
========================================================================
Received Import Request.
  Time since last request: 25.121823 seconds.
  path: Assets/Asset Files/Stickman-Fantasy-Pack/Prefabs/Character-2.prefab
  artifactKey: Guid(a3a68447e39057b4ea4debe27a379683) Importer(815301076,1909f56bfc062723c751e8b465ee728b)
Start importing Assets/Asset Files/Stickman-Fantasy-Pack/Prefabs/Character-2.prefab using Guid(a3a68447e39057b4ea4debe27a379683) Importer(815301076,1909f56bfc062723c751e8b465ee728b)  -> (artifact id: 'eeaf491315f689b16b0d877ec3ea25ec') in 0.130134 seconds 
========================================================================
Received Import Request.
  Time since last request: 0.000021 seconds.
  path: Assets/Asset Files/Stickman-Fantasy-Pack/Prefabs/Character-8.prefab
  artifactKey: Guid(7a06b71c463e9a448b9f2c6781ca905a) Importer(815301076,1909f56bfc062723c751e8b465ee728b)
Start importing Assets/Asset Files/Stickman-Fantasy-Pack/Prefabs/Character-8.prefab using Guid(7a06b71c463e9a448b9f2c6781ca905a) Importer(815301076,1909f56bfc062723c751e8b465ee728b)  -> (artifact id: '9f780a25dd6175ac4c279af9832f9a25') in 0.020628 seconds 
========================================================================
Received Import Request.
  Time since last request: 0.000033 seconds.
  path: Assets/Asset Files/Stickman-Fantasy-Pack/Prefabs/Character-11.prefab
  artifactKey: Guid(695cb7bd0c057e24dbc5ffb78ba0779f) Importer(815301076,1909f56bfc062723c751e8b465ee728b)
Start importing Assets/Asset Files/Stickman-Fantasy-Pack/Prefabs/Character-11.prefab using Guid(695cb7bd0c057e24dbc5ffb78ba0779f) Importer(815301076,1909f56bfc062723c751e8b465ee728b)  -> (artifact id: '8968794cd0e581573c2278b6d79b1f5d') in 0.031696 seconds 
========================================================================
Received Import Request.
  Time since last request: 0.000030 seconds.
  path: Assets/Asset Files/Stickman-Fantasy-Pack/Prefabs/Character-7.prefab
  artifactKey: Guid(5d2d04a1b39c88e4db8c193f541b25d7) Importer(815301076,1909f56bfc062723c751e8b465ee728b)
Start importing Assets/Asset Files/Stickman-Fantasy-Pack/Prefabs/Character-7.prefab using Guid(5d2d04a1b39c88e4db8c193f541b25d7) Importer(815301076,1909f56bfc062723c751e8b465ee728b)  -> (artifact id: '6fa80b6686a03e1ad23cb7d095179c6c') in 0.039082 seconds 
========================================================================
Received Import Request.
  Time since last request: 0.000019 seconds.
  path: Assets/Asset Files/Stickman-Fantasy-Pack/Prefabs/Monster-5.prefab
  artifactKey: Guid(6b1dfc69a9997264eabb931410a77103) Importer(815301076,1909f56bfc062723c751e8b465ee728b)
Start importing Assets/Asset Files/Stickman-Fantasy-Pack/Prefabs/Monster-5.prefab using Guid(6b1dfc69a9997264eabb931410a77103) Importer(815301076,1909f56bfc062723c751e8b465ee728b)  -> (artifact id: '9124e9fb3a445e3b5f886a1c819e4ea8') in 0.024116 seconds 
========================================================================
Received Import Request.
  Time since last request: 0.000052 seconds.
  path: Assets/Asset Files/Stickman-Fantasy-Pack/Prefabs/Monster-0.prefab
  artifactKey: Guid(5fd1c046fad155045ace398ac0b66185) Importer(815301076,1909f56bfc062723c751e8b465ee728b)
Start importing Assets/Asset Files/Stickman-Fantasy-Pack/Prefabs/Monster-0.prefab using Guid(5fd1c046fad155045ace398ac0b66185) Importer(815301076,1909f56bfc062723c751e8b465ee728b)  -> (artifact id: '41b6514718964aaf1f52960d8f437501') in 0.022335 seconds 
========================================================================
Received Prepare
Registering precompiled user dll's ...
Registered in 0.004503 seconds.
Begin MonoManager ReloadAssembly
Symbol file LoadedFromMemory doesn't match image C:\Users\Suay\Documents\GitHub\Bomber-Squad-Clone\Bomber Squad Clone\Library\PackageCache\com.unity.visualscripting@1.7.8\Editor\VisualScripting.Core\Dependencies\YamlDotNet\Unity.VisualScripting.YamlDotNet.dll
Symbol file LoadedFromMemory doesn't match image C:\Users\Suay\Documents\GitHub\Bomber-Squad-Clone\Bomber Squad Clone\Library\PackageCache\com.unity.visualscripting@1.7.8\Editor\VisualScripting.Core\Dependencies\DotNetZip\Unity.VisualScripting.IonicZip.dll
Native extension for WindowsStandalone target not found
Native extension for Android target not found
Refreshing native plugins compatible for Editor in 1.20 ms, found 3 plugins.
Preloading 0 native plugins for Editor in 0.00 ms.
Mono: successfully reloaded assembly
- Completed reload, in  0.809 seconds
Domain Reload Profiling:
	ReloadAssembly (810ms)
		BeginReloadAssembly (119ms)
			ExecutionOrderSort (0ms)
			DisableScriptedObjects (5ms)
			BackupInstance (0ms)
			ReleaseScriptingObjects (0ms)
			CreateAndSetChildDomain (34ms)
		EndReloadAssembly (603ms)
			LoadAssemblies (70ms)
			RebuildTransferFunctionScriptingTraits (0ms)
			SetupTypeCache (221ms)
			ReleaseScriptCaches (1ms)
			RebuildScriptCaches (40ms)
			SetupLoadedEditorAssemblies (234ms)
				LogAssemblyErrors (0ms)
				InitializePlatformSupportModulesInManaged (19ms)
				SetLoadedEditorAssemblies (0ms)
				RefreshPlugins (1ms)
				BeforeProcessingInitializeOnLoad (45ms)
				ProcessInitializeOnLoadAttributes (141ms)
				ProcessInitializeOnLoadMethodAttributes (21ms)
				AfterProcessingInitializeOnLoad (5ms)
				EditorAssembliesLoaded (0ms)
			ExecutionOrderSort2 (0ms)
			AwakeInstancesAfterBackupRestoration (5ms)
Platform modules already initialized, skipping
Refreshing native plugins compatible for Editor in 2.08 ms, found 3 plugins.
Preloading 0 native plugins for Editor in 0.00 ms.
Unloading 3347 Unused Serialized files (Serialized files now loaded: 0)
Unloading 20 unused Assets / (79.8 KB). Loaded Objects now: 3863.
Memory consumption went from 139.3 MB to 139.2 MB.
Total: 3.120900 ms (FindLiveObjects: 0.209500 ms CreateObjectMapping: 0.162700 ms MarkObjects: 2.629200 ms  DeleteObjects: 0.118500 ms)

AssetImportParameters requested are different than current active one (requested -> active):
  custom:video-decoder-ogg-theora: a1e56fd34408186e4bbccfd4996cb3dc -> 
  custom:container-muxer-webm: aa71ff27fc2769a1b78a27578f13a17b -> 
  custom:container-demuxer-webm: 4f35f7cbe854078d1ac9338744f61a02 -> 
  custom:video-encoder-webm-vp8: eb34c28f22e8b96e1ab97ce403110664 -> 
  custom:video-codec-MediaFoundation-h265: 746d11721c4dcdbdad8f713fa42b33f4 -> 
  custom:audio-encoder-webm-vorbis: bf7c407c2cedff20999df2af8eb42d56 -> 
  custom:framework-win-MediaFoundation: 216162199b28c13a410421893ffa2e32 -> 
  custom:container-demuxer-ogg: 62fdf1f143b41e24485cea50d1cbac27 -> 
  custom:video-decoder-webm-vp8: 9c59270c3fd7afecdb556c50c9e8de78 -> 
  custom:audio-decoder-ogg-vorbis: bf7c407c2cedff20999df2af8eb42d56 -> 
========================================================================
Received Import Request.
  Time since last request: 18.362705 seconds.
  path: Assets/Asset Files/Stylized plans/Stylized plane 6/Prefabs/Plane_6_2.prefab
  artifactKey: Guid(c47e434ee3fff87488a57e2cd61409c4) Importer(815301076,1909f56bfc062723c751e8b465ee728b)
Start importing Assets/Asset Files/Stylized plans/Stylized plane 6/Prefabs/Plane_6_2.prefab using Guid(c47e434ee3fff87488a57e2cd61409c4) Importer(815301076,1909f56bfc062723c751e8b465ee728b)  -> (artifact id: '32a54c60235f80bca3f6d9f07fdbfb0f') in 0.120871 seconds 
========================================================================
Received Import Request.
  Time since last request: 26.681344 seconds.
  path: Assets/Asset Files/Stylized plans/Stylized plane 3/Prefabs/Plane_3_2.prefab
  artifactKey: Guid(50f689ab4f6e77f49b73ba818994ec03) Importer(815301076,1909f56bfc062723c751e8b465ee728b)
Start importing Assets/Asset Files/Stylized plans/Stylized plane 3/Prefabs/Plane_3_2.prefab using Guid(50f689ab4f6e77f49b73ba818994ec03) Importer(815301076,1909f56bfc062723c751e8b465ee728b)  -> (artifact id: '21fd39df5588643673198ef8b6a1b9f9') in 0.021909 seconds 
========================================================================
Received Prepare
Registering precompiled user dll's ...
Registered in 0.004264 seconds.
Begin MonoManager ReloadAssembly
Symbol file LoadedFromMemory doesn't match image C:\Users\Suay\Documents\GitHub\Bomber-Squad-Clone\Bomber Squad Clone\Library\PackageCache\com.unity.visualscripting@1.7.8\Editor\VisualScripting.Core\Dependencies\YamlDotNet\Unity.VisualScripting.YamlDotNet.dll
Symbol file LoadedFromMemory doesn't match image C:\Users\Suay\Documents\GitHub\Bomber-Squad-Clone\Bomber Squad Clone\Library\PackageCache\com.unity.visualscripting@1.7.8\Editor\VisualScripting.Core\Dependencies\DotNetZip\Unity.VisualScripting.IonicZip.dll
Native extension for WindowsStandalone target not found
Native extension for Android target not found
Refreshing native plugins compatible for Editor in 0.97 ms, found 3 plugins.
Preloading 0 native plugins for Editor in 0.00 ms.
Mono: successfully reloaded assembly
- Completed reload, in  0.692 seconds
Domain Reload Profiling:
	ReloadAssembly (692ms)
		BeginReloadAssembly (105ms)
			ExecutionOrderSort (0ms)
			DisableScriptedObjects (3ms)
			BackupInstance (0ms)
			ReleaseScriptingObjects (0ms)
			CreateAndSetChildDomain (28ms)
		EndReloadAssembly (512ms)
			LoadAssemblies (68ms)
			RebuildTransferFunctionScriptingTraits (0ms)
			SetupTypeCache (179ms)
			ReleaseScriptCaches (1ms)
			RebuildScriptCaches (30ms)
			SetupLoadedEditorAssemblies (215ms)
				LogAssemblyErrors (0ms)
				InitializePlatformSupportModulesInManaged (17ms)
				SetLoadedEditorAssemblies (0ms)
				RefreshPlugins (1ms)
				BeforeProcessingInitializeOnLoad (40ms)
				ProcessInitializeOnLoadAttributes (136ms)
				ProcessInitializeOnLoadMethodAttributes (15ms)
				AfterProcessingInitializeOnLoad (4ms)
				EditorAssembliesLoaded (0ms)
			ExecutionOrderSort2 (0ms)
			AwakeInstancesAfterBackupRestoration (5ms)
Platform modules already initialized, skipping
Refreshing native plugins compatible for Editor in 1.57 ms, found 3 plugins.
Preloading 0 native plugins for Editor in 0.00 ms.
Unloading 3347 Unused Serialized files (Serialized files now loaded: 0)
Unloading 20 unused Assets / (79.9 KB). Loaded Objects now: 3866.
Memory consumption went from 139.3 MB to 139.2 MB.
Total: 2.158500 ms (FindLiveObjects: 0.167800 ms CreateObjectMapping: 0.081400 ms MarkObjects: 1.848400 ms  DeleteObjects: 0.060000 ms)

AssetImportParameters requested are different than current active one (requested -> active):
  custom:video-decoder-ogg-theora: a1e56fd34408186e4bbccfd4996cb3dc -> 
  custom:container-muxer-webm: aa71ff27fc2769a1b78a27578f13a17b -> 
  custom:container-demuxer-webm: 4f35f7cbe854078d1ac9338744f61a02 -> 
  custom:video-encoder-webm-vp8: eb34c28f22e8b96e1ab97ce403110664 -> 
  custom:video-codec-MediaFoundation-h265: 746d11721c4dcdbdad8f713fa42b33f4 -> 
  custom:audio-encoder-webm-vorbis: bf7c407c2cedff20999df2af8eb42d56 -> 
  custom:framework-win-MediaFoundation: 216162199b28c13a410421893ffa2e32 -> 
  custom:container-demuxer-ogg: 62fdf1f143b41e24485cea50d1cbac27 -> 
  custom:video-decoder-webm-vp8: 9c59270c3fd7afecdb556c50c9e8de78 -> 
  custom:audio-decoder-ogg-vorbis: bf7c407c2cedff20999df2af8eb42d56 -> 
Editor requested this worker to shutdown with reason: Scaling down because of idle timeout
AssetImportWorker is now disconnected from the server
Process exiting
Exiting without the bug reporter. Application will terminate with return code 0